[ 2013-05-30T22:45:05+08:00 ] 127.0.0.1 /mtceo/install.php
INFO: [ app_begin ] --START--
INFO: Run ReadHtmlCache Behavior [ RunTime:0.003259s ]
INFO: [ app_begin ] --END-- [ RunTime:0.003581s ]
INFO: [ view_template ] --START--
INFO: Run LocationTemplate Behavior [ RunTime:0.024297s ]
INFO: [ view_template ] --END-- [ RunTime:0.024621s ]
INFO: [ view_parse ] --START--
INFO: Run ParseTemplate Behavior [ RunTime:0.080324s ]
INFO: [ view_parse ] --END-- [ RunTime:0.080629s ]
INFO: [ view_filter ] --START--
INFO: Run ContentReplace Behavior [ RunTime:0.003524s ]
INFO: Run TokenBuild Behavior [ RunTime:0.003166s ]
INFO: Run WriteHtmlCache Behavior [ RunTime:0.003315s ]
INFO: Run ShowRuntime Behavior [ RunTime:0.004063s ]
INFO: [ view_filter ] --END-- [ RunTime:0.014953s ]
NOTIC: [2] Cannot modify header information - headers already sent by (output started at D:\phpweb\mtceo\install\Lang\common.php:1) D:\phpweb\mtceo\mtceo\Lib\Core\View.class.php 第 88 行.
NOTIC: [2] Cannot modify header information - headers already sent by (output started at D:\phpweb\mtceo\install\Lang\common.php:1) D:\phpweb\mtceo\mtceo\Lib\Core\View.class.php 第 89 行.
NOTIC: [2] Cannot modify header information - headers already sent by (output started at D:\phpweb\mtceo\install\Lang\common.php:1) D:\phpweb\mtceo\mtceo\Lib\Core\View.class.php 第 90 行.
INFO: [ view_end ] --START--
INFO: Run ShowPageTrace Behavior [ RunTime:0.003303s ]
INFO: [ view_end ] --END-- [ RunTime:0.003572s ]

[ 2013-05-30T22:45:09+08:00 ] 127.0.0.1 /mtceo/install.php?m=index&a=check
INFO: [ app_begin ] --START--
INFO: Run ReadHtmlCache Behavior [ RunTime:0.001619s ]
INFO: [ app_begin ] --END-- [ RunTime:0.001786s ]
NOTIC: [2] Missing argument 1 for Dir::__construct(), called in D:\phpweb\mtceo\install\Lib\Action\indexAction.class.php on line 70 and defined D:\phpweb\mtceo\install\Lib\ORG\Dir.class.php 第 37 行.
NOTIC: [8] Undefined variable: path D:\phpweb\mtceo\install\Lib\ORG\Dir.class.php 第 39 行.
NOTIC: [8] Undefined variable: path D:\phpweb\mtceo\install\Lib\ORG\Dir.class.php 第 39 行.
INFO: [ view_template ] --START--
INFO: Run LocationTemplate Behavior [ RunTime:0.002832s ]
INFO: [ view_template ] --END-- [ RunTime:0.003001s ]
INFO: [ view_parse ] --START--
INFO: Run ParseTemplate Behavior [ RunTime:0.099926s ]
INFO: [ view_parse ] --END-- [ RunTime:0.100102s ]
INFO: [ view_filter ] --START--
INFO: Run ContentReplace Behavior [ RunTime:0.001961s ]
INFO: Run TokenBuild Behavior [ RunTime:0.001767s ]
INFO: Run WriteHtmlCache Behavior [ RunTime:0.001682s ]
INFO: Run ShowRuntime Behavior [ RunTime:0.002101s ]
INFO: [ view_filter ] --END-- [ RunTime:0.008333s ]
NOTIC: [2] Cannot modify header information - headers already sent by (output started at D:\phpweb\mtceo\install\Lang\common.php:1) D:\phpweb\mtceo\mtceo\Lib\Core\View.class.php 第 88 行.
NOTIC: [2] Cannot modify header information - headers already sent by (output started at D:\phpweb\mtceo\install\Lang\common.php:1) D:\phpweb\mtceo\mtceo\Lib\Core\View.class.php 第 89 行.
NOTIC: [2] Cannot modify header information - headers already sent by (output started at D:\phpweb\mtceo\install\Lang\common.php:1) D:\phpweb\mtceo\mtceo\Lib\Core\View.class.php 第 90 行.
INFO: [ view_end ] --START--
INFO: Run ShowPageTrace Behavior [ RunTime:0.001608s ]
INFO: [ view_end ] --END-- [ RunTime:0.001746s ]

