[ 2013-05-31T09:58:22+08:00 ] 127.0.0.1 /mtceo/install.php
INFO: [ app_begin ] --START--
INFO: Run ReadHtmlCache Behavior [ RunTime:0.023140s ]
INFO: [ app_begin ] --END-- [ RunTime:0.023469s ]
INFO: [ view_template ] --START--
INFO: Run LocationTemplate Behavior [ RunTime:0.080403s ]
INFO: [ view_template ] --END-- [ RunTime:0.080824s ]
INFO: [ view_parse ] --START--
INFO: Run ParseTemplate Behavior [ RunTime:0.355762s ]
INFO: [ view_parse ] --END-- [ RunTime:0.356251s ]
INFO: [ view_filter ] --START--
INFO: Run ContentReplace Behavior [ RunTime:0.036379s ]
INFO: Run TokenBuild Behavior [ RunTime:0.046543s ]
INFO: Run WriteHtmlCache Behavior [ RunTime:0.074074s ]
INFO: Run ShowRuntime Behavior [ RunTime:0.036248s ]
INFO: [ view_filter ] --END-- [ RunTime:0.194098s ]
NOTIC: [2] Cannot modify header information - headers already sent by (output started at D:\phpweb\mtceo\install\Lang\common.php:1) D:\phpweb\mtceo\mtceo\Lib\Core\View.class.php 第 88 行.
NOTIC: [2] Cannot modify header information - headers already sent by (output started at D:\phpweb\mtceo\install\Lang\common.php:1) D:\phpweb\mtceo\mtceo\Lib\Core\View.class.php 第 89 行.
NOTIC: [2] Cannot modify header information - headers already sent by (output started at D:\phpweb\mtceo\install\Lang\common.php:1) D:\phpweb\mtceo\mtceo\Lib\Core\View.class.php 第 90 行.
INFO: [ view_end ] --START--
INFO: Run ShowPageTrace Behavior [ RunTime:0.034434s ]
INFO: [ view_end ] --END-- [ RunTime:0.034723s ]

[ 2013-05-31T09:59:10+08:00 ] 127.0.0.1 /mtceo/install.php?m=index&a=setconf
INFO: [ app_begin ] --START--
INFO: Run ReadHtmlCache Behavior [ RunTime:0.001546s ]
INFO: [ app_begin ] --END-- [ RunTime:0.001872s ]
INFO: [ view_template ] --START--
INFO: Run LocationTemplate Behavior [ RunTime:0.005646s ]
INFO: [ view_template ] --END-- [ RunTime:0.006074s ]
INFO: [ view_parse ] --START--
INFO: Run ParseTemplate Behavior [ RunTime:0.120947s ]
INFO: [ view_parse ] --END-- [ RunTime:0.121276s ]
INFO: [ view_filter ] --START--
INFO: Run ContentReplace Behavior [ RunTime:0.001800s ]
INFO: Run TokenBuild Behavior [ RunTime:0.001620s ]
INFO: Run WriteHtmlCache Behavior [ RunTime:0.001734s ]
INFO: Run ShowRuntime Behavior [ RunTime:0.001633s ]
INFO: [ view_filter ] --END-- [ RunTime:0.007185s ]
NOTIC: [2] Cannot modify header information - headers already sent by (output started at D:\phpweb\mtceo\install\Lang\common.php:1) D:\phpweb\mtceo\mtceo\Lib\Core\View.class.php 第 88 行.
NOTIC: [2] Cannot modify header information - headers already sent by (output started at D:\phpweb\mtceo\install\Lang\common.php:1) D:\phpweb\mtceo\mtceo\Lib\Core\View.class.php 第 89 行.
NOTIC: [2] Cannot modify header information - headers already sent by (output started at D:\phpweb\mtceo\install\Lang\common.php:1) D:\phpweb\mtceo\mtceo\Lib\Core\View.class.php 第 90 行.
INFO: [ view_end ] --START--
INFO: Run ShowPageTrace Behavior [ RunTime:0.001648s ]
INFO: [ view_end ] --END-- [ RunTime:0.001783s ]

[ 2013-05-31T09:59:24+08:00 ] 127.0.0.1 /mtceo/install.php?m=index&a=install
INFO: [ app_begin ] --START--
INFO: Run ReadHtmlCache Behavior [ RunTime:0.003047s ]
INFO: [ app_begin ] --END-- [ RunTime:0.003323s ]
INFO: [ view_template ] --START--
INFO: Run LocationTemplate Behavior [ RunTime:0.003392s ]
INFO: [ view_template ] --END-- [ RunTime:0.003556s ]
INFO: [ view_parse ] --START--
INFO: Run ParseTemplate Behavior [ RunTime:0.122153s ]
INFO: [ view_parse ] --END-- [ RunTime:0.122361s ]
INFO: [ view_filter ] --START--
INFO: Run ContentReplace Behavior [ RunTime:0.002691s ]
INFO: Run TokenBuild Behavior [ RunTime:0.002456s ]
INFO: Run WriteHtmlCache Behavior [ RunTime:0.001826s ]
INFO: Run ShowRuntime Behavior [ RunTime:0.000645s ]
INFO: [ view_filter ] --END-- [ RunTime:0.007984s ]
NOTIC: [2] Cannot modify header information - headers already sent by (output started at D:\phpweb\mtceo\install\Lang\common.php:1) D:\phpweb\mtceo\mtceo\Lib\Core\View.class.php 第 88 行.
NOTIC: [2] Cannot modify header information - headers already sent by (output started at D:\phpweb\mtceo\install\Lang\common.php:1) D:\phpweb\mtceo\mtceo\Lib\Core\View.class.php 第 89 行.
NOTIC: [2] Cannot modify header information - headers already sent by (output started at D:\phpweb\mtceo\install\Lang\common.php:1) D:\phpweb\mtceo\mtceo\Lib\Core\View.class.php 第 90 行.
INFO: [ view_end ] --START--
INFO: Run ShowPageTrace Behavior [ RunTime:0.003179s ]
INFO: [ view_end ] --END-- [ RunTime:0.003335s ]

[ 2013-05-31T09:59:28+08:00 ] 127.0.0.1 /mtceo/install.php?m=index&a=finish_done
INFO: [ app_begin ] --START--
INFO: Run ReadHtmlCache Behavior [ RunTime:0.000633s ]
INFO: [ app_begin ] --END-- [ RunTime:0.000800s ]
NOTIC: [2] Cannot modify header information - headers already sent by (output started at D:\phpweb\mtceo\install\Lang\common.php:1) D:\phpweb\mtceo\install\Lib\Action\indexAction.class.php 第 175 行.
NOTIC: [8] ob_flush() [<a href='ref.outcontrol'>ref.outcontrol</a>]: failed to flush buffer. No buffer to flush. D:\phpweb\mtceo\install\Lib\Action\indexAction.class.php 第 250 行.
NOTIC: [8] ob_flush() [<a href='ref.outcontrol'>ref.outcontrol</a>]: failed to flush buffer. No buffer to flush. D:\phpweb\mtceo\install\Lib\Action\indexAction.class.php 第 250 行.
NOTIC: [8] ob_flush() [<a href='ref.outcontrol'>ref.outcontrol</a>]: failed to flush buffer. No buffer to flush. D:\phpweb\mtceo\install\Lib\Action\indexAction.class.php 第 250 行.
NOTIC: [8] ob_flush() [<a href='ref.outcontrol'>ref.outcontrol</a>]: failed to flush buffer. No buffer to flush. D:\phpweb\mtceo\install\Lib\Action\indexAction.class.php 第 250 行.
NOTIC: [8] ob_flush() [<a href='ref.outcontrol'>ref.outcontrol</a>]: failed to flush buffer. No buffer to flush. D:\phpweb\mtceo\install\Lib\Action\indexAction.class.php 第 250 行.
NOTIC: [8] ob_flush() [<a href='ref.outcontrol'>ref.outcontrol</a>]: failed to flush buffer. No buffer to flush. D:\phpweb\mtceo\install\Lib\Action\indexAction.class.php 第 250 行.
NOTIC: [8] ob_flush() [<a href='ref.outcontrol'>ref.outcontrol</a>]: failed to flush buffer. No buffer to flush. D:\phpweb\mtceo\install\Lib\Action\indexAction.class.php 第 250 行.
NOTIC: [8] ob_flush() [<a href='ref.outcontrol'>ref.outcontrol</a>]: failed to flush buffer. No buffer to flush. D:\phpweb\mtceo\install\Lib\Action\indexAction.class.php 第 250 行.
NOTIC: [8] ob_flush() [<a href='ref.outcontrol'>ref.outcontrol</a>]: failed to flush buffer. No buffer to flush. D:\phpweb\mtceo\install\Lib\Action\indexAction.class.php 第 250 行.
NOTIC: [8] ob_flush() [<a href='ref.outcontrol'>ref.outcontrol</a>]: failed to flush buffer. No buffer to flush. D:\phpweb\mtceo\install\Lib\Action\indexAction.class.php 第 250 行.
NOTIC: [8] ob_flush() [<a href='ref.outcontrol'>ref.outcontrol</a>]: failed to flush buffer. No buffer to flush. D:\phpweb\mtceo\install\Lib\Action\indexAction.class.php 第 250 行.
NOTIC: [8] ob_flush() [<a href='ref.outcontrol'>ref.outcontrol</a>]: failed to flush buffer. No buffer to flush. D:\phpweb\mtceo\install\Lib\Action\indexAction.class.php 第 250 行.
NOTIC: [8] ob_flush() [<a href='ref.outcontrol'>ref.outcontrol</a>]: failed to flush buffer. No buffer to flush. D:\phpweb\mtceo\install\Lib\Action\indexAction.class.php 第 250 行.
NOTIC: [8] ob_flush() [<a href='ref.outcontrol'>ref.outcontrol</a>]: failed to flush buffer. No buffer to flush. D:\phpweb\mtceo\install\Lib\Action\indexAction.class.php 第 250 行.
NOTIC: [8] ob_flush() [<a href='ref.outcontrol'>ref.outcontrol</a>]: failed to flush buffer. No buffer to flush. D:\phpweb\mtceo\install\Lib\Action\indexAction.class.php 第 250 行.
NOTIC: [8] ob_flush() [<a href='ref.outcontrol'>ref.outcontrol</a>]: failed to flush buffer. No buffer to flush. D:\phpweb\mtceo\install\Lib\Action\indexAction.class.php 第 250 行.
NOTIC: [8] ob_flush() [<a href='ref.outcontrol'>ref.outcontrol</a>]: failed to flush buffer. No buffer to flush. D:\phpweb\mtceo\install\Lib\Action\indexAction.class.php 第 250 行.
NOTIC: [8] ob_flush() [<a href='ref.outcontrol'>ref.outcontrol</a>]: failed to flush buffer. No buffer to flush. D:\phpweb\mtceo\install\Lib\Action\indexAction.class.php 第 250 行.
NOTIC: [8] ob_flush() [<a href='ref.outcontrol'>ref.outcontrol</a>]: failed to flush buffer. No buffer to flush. D:\phpweb\mtceo\install\Lib\Action\indexAction.class.php 第 250 行.
NOTIC: [8] ob_flush() [<a href='ref.outcontrol'>ref.outcontrol</a>]: failed to flush buffer. No buffer to flush. D:\phpweb\mtceo\install\Lib\Action\indexAction.class.php 第 250 行.
NOTIC: [8] ob_flush() [<a href='ref.outcontrol'>ref.outcontrol</a>]: failed to flush buffer. No buffer to flush. D:\phpweb\mtceo\install\Lib\Action\indexAction.class.php 第 250 行.
NOTIC: [8] ob_flush() [<a href='ref.outcontrol'>ref.outcontrol</a>]: failed to flush buffer. No buffer to flush. D:\phpweb\mtceo\install\Lib\Action\indexAction.class.php 第 250 行.
NOTIC: [8] ob_flush() [<a href='ref.outcontrol'>ref.outcontrol</a>]: failed to flush buffer. No buffer to flush. D:\phpweb\mtceo\install\Lib\Action\indexAction.class.php 第 250 行.
NOTIC: [8] ob_flush() [<a href='ref.outcontrol'>ref.outcontrol</a>]: failed to flush buffer. No buffer to flush. D:\phpweb\mtceo\install\Lib\Action\indexAction.class.php 第 250 行.
NOTIC: [8] ob_flush() [<a href='ref.outcontrol'>ref.outcontrol</a>]: failed to flush buffer. No buffer to flush. D:\phpweb\mtceo\install\Lib\Action\indexAction.class.php 第 250 行.
NOTIC: [8] ob_flush() [<a href='ref.outcontrol'>ref.outcontrol</a>]: failed to flush buffer. No buffer to flush. D:\phpweb\mtceo\install\Lib\Action\indexAction.class.php 第 250 行.
NOTIC: [8] ob_flush() [<a href='ref.outcontrol'>ref.outcontrol</a>]: failed to flush buffer. No buffer to flush. D:\phpweb\mtceo\install\Lib\Action\indexAction.class.php 第 250 行.
NOTIC: [8] ob_flush() [<a href='ref.outcontrol'>ref.outcontrol</a>]: failed to flush buffer. No buffer to flush. D:\phpweb\mtceo\install\Lib\Action\indexAction.class.php 第 250 行.
NOTIC: [8] ob_flush() [<a href='ref.outcontrol'>ref.outcontrol</a>]: failed to flush buffer. No buffer to flush. D:\phpweb\mtceo\install\Lib\Action\indexAction.class.php 第 250 行.
NOTIC: [8] ob_flush() [<a href='ref.outcontrol'>ref.outcontrol</a>]: failed to flush buffer. No buffer to flush. D:\phpweb\mtceo\install\Lib\Action\indexAction.class.php 第 250 行.
NOTIC: [8] ob_flush() [<a href='ref.outcontrol'>ref.outcontrol</a>]: failed to flush buffer. No buffer to flush. D:\phpweb\mtceo\install\Lib\Action\indexAction.class.php 第 250 行.
NOTIC: [8] ob_flush() [<a href='ref.outcontrol'>ref.outcontrol</a>]: failed to flush buffer. No buffer to flush. D:\phpweb\mtceo\install\Lib\Action\indexAction.class.php 第 250 行.
NOTIC: [8] ob_flush() [<a href='ref.outcontrol'>ref.outcontrol</a>]: failed to flush buffer. No buffer to flush. D:\phpweb\mtceo\install\Lib\Action\indexAction.class.php 第 250 行.

[ 2013-05-31T09:59:32+08:00 ] 127.0.0.1 /mtceo/install.php?m=index&a=finish
INFO: [ app_begin ] --START--
INFO: Run ReadHtmlCache Behavior [ RunTime:0.001210s ]
INFO: [ app_begin ] --END-- [ RunTime:0.001520s ]
INFO: [ view_template ] --START--
INFO: Run LocationTemplate Behavior [ RunTime:0.003127s ]
INFO: [ view_template ] --END-- [ RunTime:0.003452s ]
INFO: [ view_parse ] --START--
INFO: Run ParseTemplate Behavior [ RunTime:0.097367s ]
INFO: [ view_parse ] --END-- [ RunTime:0.097735s ]
INFO: [ view_filter ] --START--
INFO: Run ContentReplace Behavior [ RunTime:0.001269s ]
INFO: Run TokenBuild Behavior [ RunTime:0.001102s ]
INFO: Run WriteHtmlCache Behavior [ RunTime:0.000870s ]
INFO: Run ShowRuntime Behavior [ RunTime:0.001271s ]
INFO: [ view_filter ] --END-- [ RunTime:0.005220s ]
NOTIC: [2] Cannot modify header information - headers already sent by (output started at D:\phpweb\mtceo\install\Lang\common.php:1) D:\phpweb\mtceo\mtceo\Lib\Core\View.class.php 第 88 行.
NOTIC: [2] Cannot modify header information - headers already sent by (output started at D:\phpweb\mtceo\install\Lang\common.php:1) D:\phpweb\mtceo\mtceo\Lib\Core\View.class.php 第 89 行.
NOTIC: [2] Cannot modify header information - headers already sent by (output started at D:\phpweb\mtceo\install\Lang\common.php:1) D:\phpweb\mtceo\mtceo\Lib\Core\View.class.php 第 90 行.
INFO: [ view_end ] --START--
INFO: Run ShowPageTrace Behavior [ RunTime:0.001344s ]
INFO: [ view_end ] --END-- [ RunTime:0.001654s ]

[ 2013-05-31T10:00:12+08:00 ] 127.0.0.1 /mtceo/install.php
INFO: [ app_begin ] --START--
INFO: Run ReadHtmlCache Behavior [ RunTime:0.005047s ]
INFO: [ app_begin ] --END-- [ RunTime:0.005360s ]
INFO: [ view_template ] --START--
INFO: Run LocationTemplate Behavior [ RunTime:0.007940s ]
INFO: [ view_template ] --END-- [ RunTime:0.008263s ]
INFO: [ view_parse ] --START--
INFO: Run ParseTemplate Behavior [ RunTime:0.054889s ]
INFO: [ view_parse ] --END-- [ RunTime:0.055160s ]
INFO: [ view_filter ] --START--
INFO: Run ContentReplace Behavior [ RunTime:0.002599s ]
INFO: Run TokenBuild Behavior [ RunTime:0.002396s ]
INFO: Run WriteHtmlCache Behavior [ RunTime:0.002254s ]
INFO: Run ShowRuntime Behavior [ RunTime:0.002448s ]
INFO: [ view_filter ] --END-- [ RunTime:0.010062s ]
NOTIC: [2] Cannot modify header information - headers already sent by (output started at D:\phpweb\mtceo\install\Lang\common.php:1) D:\phpweb\mtceo\mtceo\Lib\Core\View.class.php 第 88 行.
NOTIC: [2] Cannot modify header information - headers already sent by (output started at D:\phpweb\mtceo\install\Lang\common.php:1) D:\phpweb\mtceo\mtceo\Lib\Core\View.class.php 第 89 行.
NOTIC: [2] Cannot modify header information - headers already sent by (output started at D:\phpweb\mtceo\install\Lang\common.php:1) D:\phpweb\mtceo\mtceo\Lib\Core\View.class.php 第 90 行.
INFO: [ view_end ] --START--
INFO: Run ShowPageTrace Behavior [ RunTime:0.002390s ]
INFO: [ view_end ] --END-- [ RunTime:0.002519s ]

[ 2013-05-31T10:00:14+08:00 ] 127.0.0.1 /mtceo/install.php?m=index&a=setconf
INFO: [ app_begin ] --START--
INFO: Run ReadHtmlCache Behavior [ RunTime:0.002440s ]
INFO: [ app_begin ] --END-- [ RunTime:0.002610s ]
INFO: [ view_template ] --START--
INFO: Run LocationTemplate Behavior [ RunTime:0.003810s ]
INFO: [ view_template ] --END-- [ RunTime:0.003979s ]
INFO: [ view_parse ] --START--
INFO: Run ParseTemplate Behavior [ RunTime:0.059643s ]
INFO: [ view_parse ] --END-- [ RunTime:0.059842s ]
INFO: [ view_filter ] --START--
INFO: Run ContentReplace Behavior [ RunTime:0.002639s ]
INFO: Run TokenBuild Behavior [ RunTime:0.002414s ]
INFO: Run WriteHtmlCache Behavior [ RunTime:0.002270s ]
INFO: Run ShowRuntime Behavior [ RunTime:0.003105s ]
INFO: [ view_filter ] --END-- [ RunTime:0.010872s ]
NOTIC: [2] Cannot modify header information - headers already sent by (output started at D:\phpweb\mtceo\install\Lang\common.php:1) D:\phpweb\mtceo\mtceo\Lib\Core\View.class.php 第 88 行.
NOTIC: [2] Cannot modify header information - headers already sent by (output started at D:\phpweb\mtceo\install\Lang\common.php:1) D:\phpweb\mtceo\mtceo\Lib\Core\View.class.php 第 89 行.
NOTIC: [2] Cannot modify header information - headers already sent by (output started at D:\phpweb\mtceo\install\Lang\common.php:1) D:\phpweb\mtceo\mtceo\Lib\Core\View.class.php 第 90 行.
INFO: [ view_end ] --START--
INFO: Run ShowPageTrace Behavior [ RunTime:0.002789s ]
INFO: [ view_end ] --END-- [ RunTime:0.002960s ]

[ 2013-05-31T10:00:21+08:00 ] 127.0.0.1 /mtceo/install.php?m=index&a=install
INFO: [ app_begin ] --START--
INFO: Run ReadHtmlCache Behavior [ RunTime:0.002584s ]
INFO: [ app_begin ] --END-- [ RunTime:0.002760s ]
INFO: [ view_template ] --START--
INFO: Run LocationTemplate Behavior [ RunTime:0.004010s ]
INFO: [ view_template ] --END-- [ RunTime:0.004179s ]
INFO: [ view_parse ] --START--
INFO: Run ParseTemplate Behavior [ RunTime:0.043645s ]
INFO: [ view_parse ] --END-- [ RunTime:0.043846s ]
INFO: [ view_filter ] --START--
INFO: Run ContentReplace Behavior [ RunTime:0.002624s ]
INFO: Run TokenBuild Behavior [ RunTime:0.002500s ]
INFO: Run WriteHtmlCache Behavior [ RunTime:0.002944s ]
INFO: Run ShowRuntime Behavior [ RunTime:0.003225s ]
INFO: [ view_filter ] --END-- [ RunTime:0.011742s ]
NOTIC: [2] Cannot modify header information - headers already sent by (output started at D:\phpweb\mtceo\install\Lang\common.php:1) D:\phpweb\mtceo\mtceo\Lib\Core\View.class.php 第 88 行.
NOTIC: [2] Cannot modify header information - headers already sent by (output started at D:\phpweb\mtceo\install\Lang\common.php:1) D:\phpweb\mtceo\mtceo\Lib\Core\View.class.php 第 89 行.
NOTIC: [2] Cannot modify header information - headers already sent by (output started at D:\phpweb\mtceo\install\Lang\common.php:1) D:\phpweb\mtceo\mtceo\Lib\Core\View.class.php 第 90 行.
INFO: [ view_end ] --START--
INFO: Run ShowPageTrace Behavior [ RunTime:0.002548s ]
INFO: [ view_end ] --END-- [ RunTime:0.002681s ]

[ 2013-05-31T10:00:24+08:00 ] 127.0.0.1 /mtceo/install.php?m=index&a=finish_done
INFO: [ app_begin ] --START--
INFO: Run ReadHtmlCache Behavior [ RunTime:0.001534s ]
INFO: [ app_begin ] --END-- [ RunTime:0.001708s ]
NOTIC: [2] Cannot modify header information - headers already sent by (output started at D:\phpweb\mtceo\install\Lang\common.php:1) D:\phpweb\mtceo\install\Lib\Action\indexAction.class.php 第 175 行.
NOTIC: [8] ob_flush() [<a href='ref.outcontrol'>ref.outcontrol</a>]: failed to flush buffer. No buffer to flush. D:\phpweb\mtceo\install\Lib\Action\indexAction.class.php 第 250 行.
NOTIC: [8] ob_flush() [<a href='ref.outcontrol'>ref.outcontrol</a>]: failed to flush buffer. No buffer to flush. D:\phpweb\mtceo\install\Lib\Action\indexAction.class.php 第 250 行.
NOTIC: [8] ob_flush() [<a href='ref.outcontrol'>ref.outcontrol</a>]: failed to flush buffer. No buffer to flush. D:\phpweb\mtceo\install\Lib\Action\indexAction.class.php 第 250 行.
NOTIC: [8] ob_flush() [<a href='ref.outcontrol'>ref.outcontrol</a>]: failed to flush buffer. No buffer to flush. D:\phpweb\mtceo\install\Lib\Action\indexAction.class.php 第 250 行.
NOTIC: [8] ob_flush() [<a href='ref.outcontrol'>ref.outcontrol</a>]: failed to flush buffer. No buffer to flush. D:\phpweb\mtceo\install\Lib\Action\indexAction.class.php 第 250 行.
NOTIC: [8] ob_flush() [<a href='ref.outcontrol'>ref.outcontrol</a>]: failed to flush buffer. No buffer to flush. D:\phpweb\mtceo\install\Lib\Action\indexAction.class.php 第 250 行.
NOTIC: [8] ob_flush() [<a href='ref.outcontrol'>ref.outcontrol</a>]: failed to flush buffer. No buffer to flush. D:\phpweb\mtceo\install\Lib\Action\indexAction.class.php 第 250 行.
NOTIC: [8] ob_flush() [<a href='ref.outcontrol'>ref.outcontrol</a>]: failed to flush buffer. No buffer to flush. D:\phpweb\mtceo\install\Lib\Action\indexAction.class.php 第 250 行.
NOTIC: [8] ob_flush() [<a href='ref.outcontrol'>ref.outcontrol</a>]: failed to flush buffer. No buffer to flush. D:\phpweb\mtceo\install\Lib\Action\indexAction.class.php 第 250 行.
NOTIC: [8] ob_flush() [<a href='ref.outcontrol'>ref.outcontrol</a>]: failed to flush buffer. No buffer to flush. D:\phpweb\mtceo\install\Lib\Action\indexAction.class.php 第 250 行.
NOTIC: [8] ob_flush() [<a href='ref.outcontrol'>ref.outcontrol</a>]: failed to flush buffer. No buffer to flush. D:\phpweb\mtceo\install\Lib\Action\indexAction.class.php 第 250 行.
NOTIC: [8] ob_flush() [<a href='ref.outcontrol'>ref.outcontrol</a>]: failed to flush buffer. No buffer to flush. D:\phpweb\mtceo\install\Lib\Action\indexAction.class.php 第 250 行.
NOTIC: [8] ob_flush() [<a href='ref.outcontrol'>ref.outcontrol</a>]: failed to flush buffer. No buffer to flush. D:\phpweb\mtceo\install\Lib\Action\indexAction.class.php 第 250 行.
NOTIC: [8] ob_flush() [<a href='ref.outcontrol'>ref.outcontrol</a>]: failed to flush buffer. No buffer to flush. D:\phpweb\mtceo\install\Lib\Action\indexAction.class.php 第 250 行.
NOTIC: [8] ob_flush() [<a href='ref.outcontrol'>ref.outcontrol</a>]: failed to flush buffer. No buffer to flush. D:\phpweb\mtceo\install\Lib\Action\indexAction.class.php 第 250 行.
NOTIC: [8] ob_flush() [<a href='ref.outcontrol'>ref.outcontrol</a>]: failed to flush buffer. No buffer to flush. D:\phpweb\mtceo\install\Lib\Action\indexAction.class.php 第 250 行.
NOTIC: [8] ob_flush() [<a href='ref.outcontrol'>ref.outcontrol</a>]: failed to flush buffer. No buffer to flush. D:\phpweb\mtceo\install\Lib\Action\indexAction.class.php 第 250 行.
NOTIC: [8] ob_flush() [<a href='ref.outcontrol'>ref.outcontrol</a>]: failed to flush buffer. No buffer to flush. D:\phpweb\mtceo\install\Lib\Action\indexAction.class.php 第 250 行.
NOTIC: [8] ob_flush() [<a href='ref.outcontrol'>ref.outcontrol</a>]: failed to flush buffer. No buffer to flush. D:\phpweb\mtceo\install\Lib\Action\indexAction.class.php 第 250 行.
NOTIC: [8] ob_flush() [<a href='ref.outcontrol'>ref.outcontrol</a>]: failed to flush buffer. No buffer to flush. D:\phpweb\mtceo\install\Lib\Action\indexAction.class.php 第 250 行.
NOTIC: [8] ob_flush() [<a href='ref.outcontrol'>ref.outcontrol</a>]: failed to flush buffer. No buffer to flush. D:\phpweb\mtceo\install\Lib\Action\indexAction.class.php 第 250 行.
NOTIC: [8] ob_flush() [<a href='ref.outcontrol'>ref.outcontrol</a>]: failed to flush buffer. No buffer to flush. D:\phpweb\mtceo\install\Lib\Action\indexAction.class.php 第 250 行.
NOTIC: [8] ob_flush() [<a href='ref.outcontrol'>ref.outcontrol</a>]: failed to flush buffer. No buffer to flush. D:\phpweb\mtceo\install\Lib\Action\indexAction.class.php 第 250 行.
NOTIC: [8] ob_flush() [<a href='ref.outcontrol'>ref.outcontrol</a>]: failed to flush buffer. No buffer to flush. D:\phpweb\mtceo\install\Lib\Action\indexAction.class.php 第 250 行.
NOTIC: [8] ob_flush() [<a href='ref.outcontrol'>ref.outcontrol</a>]: failed to flush buffer. No buffer to flush. D:\phpweb\mtceo\install\Lib\Action\indexAction.class.php 第 250 行.
NOTIC: [8] ob_flush() [<a href='ref.outcontrol'>ref.outcontrol</a>]: failed to flush buffer. No buffer to flush. D:\phpweb\mtceo\install\Lib\Action\indexAction.class.php 第 250 行.
NOTIC: [8] ob_flush() [<a href='ref.outcontrol'>ref.outcontrol</a>]: failed to flush buffer. No buffer to flush. D:\phpweb\mtceo\install\Lib\Action\indexAction.class.php 第 250 行.
NOTIC: [8] ob_flush() [<a href='ref.outcontrol'>ref.outcontrol</a>]: failed to flush buffer. No buffer to flush. D:\phpweb\mtceo\install\Lib\Action\indexAction.class.php 第 250 行.
NOTIC: [8] ob_flush() [<a href='ref.outcontrol'>ref.outcontrol</a>]: failed to flush buffer. No buffer to flush. D:\phpweb\mtceo\install\Lib\Action\indexAction.class.php 第 250 行.
NOTIC: [8] ob_flush() [<a href='ref.outcontrol'>ref.outcontrol</a>]: failed to flush buffer. No buffer to flush. D:\phpweb\mtceo\install\Lib\Action\indexAction.class.php 第 250 行.
NOTIC: [8] ob_flush() [<a href='ref.outcontrol'>ref.outcontrol</a>]: failed to flush buffer. No buffer to flush. D:\phpweb\mtceo\install\Lib\Action\indexAction.class.php 第 250 行.
NOTIC: [8] ob_flush() [<a href='ref.outcontrol'>ref.outcontrol</a>]: failed to flush buffer. No buffer to flush. D:\phpweb\mtceo\install\Lib\Action\indexAction.class.php 第 250 行.
NOTIC: [8] ob_flush() [<a href='ref.outcontrol'>ref.outcontrol</a>]: failed to flush buffer. No buffer to flush. D:\phpweb\mtceo\install\Lib\Action\indexAction.class.php 第 250 行.

[ 2013-05-31T10:00:28+08:00 ] 127.0.0.1 /mtceo/install.php?m=index&a=finish
INFO: [ app_begin ] --START--
INFO: Run ReadHtmlCache Behavior [ RunTime:0.001203s ]
INFO: [ app_begin ] --END-- [ RunTime:0.001509s ]
INFO: [ view_template ] --START--
INFO: Run LocationTemplate Behavior [ RunTime:0.005087s ]
INFO: [ view_template ] --END-- [ RunTime:0.005408s ]
INFO: [ view_parse ] --START--
INFO: Run ParseTemplate Behavior [ RunTime:0.069299s ]
INFO: [ view_parse ] --END-- [ RunTime:0.069705s ]
INFO: [ view_filter ] --START--
INFO: Run ContentReplace Behavior [ RunTime:0.004337s ]
INFO: Run TokenBuild Behavior [ RunTime:0.003097s ]
INFO: Run WriteHtmlCache Behavior [ RunTime:0.002837s ]
INFO: Run ShowRuntime Behavior [ RunTime:0.003222s ]
INFO: [ view_filter ] --END-- [ RunTime:0.014242s ]
NOTIC: [2] Cannot modify header information - headers already sent by (output started at D:\phpweb\mtceo\install\Lang\common.php:1) D:\phpweb\mtceo\mtceo\Lib\Core\View.class.php 第 88 行.
NOTIC: [2] Cannot modify header information - headers already sent by (output started at D:\phpweb\mtceo\install\Lang\common.php:1) D:\phpweb\mtceo\mtceo\Lib\Core\View.class.php 第 89 行.
NOTIC: [2] Cannot modify header information - headers already sent by (output started at D:\phpweb\mtceo\install\Lang\common.php:1) D:\phpweb\mtceo\mtceo\Lib\Core\View.class.php 第 90 行.
INFO: [ view_end ] --START--
INFO: Run ShowPageTrace Behavior [ RunTime:0.001596s ]
INFO: [ view_end ] --END-- [ RunTime:0.001741s ]

[ 2013-05-31T21:49:45+08:00 ] 127.0.0.1 /mtceo/install.php
INFO: [ app_begin ] --START--
INFO: Run ReadHtmlCache Behavior [ RunTime:0.008459s ]
INFO: [ app_begin ] --END-- [ RunTime:0.008702s ]
INFO: [ view_template ] --START--
INFO: Run LocationTemplate Behavior [ RunTime:0.006515s ]
INFO: [ view_template ] --END-- [ RunTime:0.006680s ]
INFO: [ view_parse ] --START--
INFO: Run ParseTemplate Behavior [ RunTime:0.057395s ]
INFO: [ view_parse ] --END-- [ RunTime:0.057560s ]
INFO: [ view_filter ] --START--
INFO: Run ContentReplace Behavior [ RunTime:0.004911s ]
INFO: Run TokenBuild Behavior [ RunTime:0.004430s ]
INFO: Run WriteHtmlCache Behavior [ RunTime:0.006579s ]
INFO: Run ShowRuntime Behavior [ RunTime:0.008137s ]
INFO: [ view_filter ] --END-- [ RunTime:0.024552s ]
NOTIC: [2] Cannot modify header information - headers already sent by (output started at D:\APMServ5.2.6\www\htdocs\mtceo\install\Lang\common.php:1) D:\APMServ5.2.6\www\htdocs\mtceo\mtceo\Lib\Core\View.class.php 第 88 行.
NOTIC: [2] Cannot modify header information - headers already sent by (output started at D:\APMServ5.2.6\www\htdocs\mtceo\install\Lang\common.php:1) D:\APMServ5.2.6\www\htdocs\mtceo\mtceo\Lib\Core\View.class.php 第 89 行.
NOTIC: [2] Cannot modify header information - headers already sent by (output started at D:\APMServ5.2.6\www\htdocs\mtceo\install\Lang\common.php:1) D:\APMServ5.2.6\www\htdocs\mtceo\mtceo\Lib\Core\View.class.php 第 90 行.
INFO: [ view_end ] --START--
INFO: Run ShowPageTrace Behavior [ RunTime:0.006573s ]
INFO: [ view_end ] --END-- [ RunTime:0.006714s ]

[ 2013-05-31T21:49:49+08:00 ] 127.0.0.1 /mtceo/install.php?m=index&a=setconf
INFO: [ app_begin ] --START--
INFO: Run ReadHtmlCache Behavior [ RunTime:0.003027s ]
INFO: [ app_begin ] --END-- [ RunTime:0.003268s ]
INFO: [ view_template ] --START--
INFO: Run LocationTemplate Behavior [ RunTime:0.005412s ]
INFO: [ view_template ] --END-- [ RunTime:0.005679s ]
INFO: [ view_parse ] --START--
INFO: Run ParseTemplate Behavior [ RunTime:0.044479s ]
INFO: [ view_parse ] --END-- [ RunTime:0.044648s ]
INFO: [ view_filter ] --START--
INFO: Run ContentReplace Behavior [ RunTime:0.002713s ]
INFO: Run TokenBuild Behavior [ RunTime:0.002973s ]
INFO: Run WriteHtmlCache Behavior [ RunTime:0.002381s ]
INFO: Run ShowRuntime Behavior [ RunTime:0.002067s ]
INFO: [ view_filter ] --END-- [ RunTime:0.010487s ]
NOTIC: [2] Cannot modify header information - headers already sent by (output started at D:\APMServ5.2.6\www\htdocs\mtceo\install\Lang\common.php:1) D:\APMServ5.2.6\www\htdocs\mtceo\mtceo\Lib\Core\View.class.php 第 88 行.
NOTIC: [2] Cannot modify header information - headers already sent by (output started at D:\APMServ5.2.6\www\htdocs\mtceo\install\Lang\common.php:1) D:\APMServ5.2.6\www\htdocs\mtceo\mtceo\Lib\Core\View.class.php 第 89 行.
NOTIC: [2] Cannot modify header information - headers already sent by (output started at D:\APMServ5.2.6\www\htdocs\mtceo\install\Lang\common.php:1) D:\APMServ5.2.6\www\htdocs\mtceo\mtceo\Lib\Core\View.class.php 第 90 行.
INFO: [ view_end ] --START--
INFO: Run ShowPageTrace Behavior [ RunTime:0.002033s ]
INFO: [ view_end ] --END-- [ RunTime:0.002195s ]

[ 2013-05-31T21:50:03+08:00 ] 127.0.0.1 /mtceo/install.php?m=index&a=install
INFO: [ app_begin ] --START--
INFO: Run ReadHtmlCache Behavior [ RunTime:0.000738s ]
INFO: [ app_begin ] --END-- [ RunTime:0.000912s ]
INFO: [ view_template ] --START--
INFO: Run LocationTemplate Behavior [ RunTime:0.002911s ]
INFO: [ view_template ] --END-- [ RunTime:0.003138s ]
INFO: [ view_parse ] --START--
INFO: Run ParseTemplate Behavior [ RunTime:0.020148s ]
INFO: [ view_parse ] --END-- [ RunTime:0.020401s ]
INFO: [ view_filter ] --START--
INFO: Run ContentReplace Behavior [ RunTime:0.001114s ]
INFO: Run TokenBuild Behavior [ RunTime:0.000942s ]
INFO: Run WriteHtmlCache Behavior [ RunTime:0.000694s ]
INFO: Run ShowRuntime Behavior [ RunTime:0.000754s ]
INFO: [ view_filter ] --END-- [ RunTime:0.003999s ]
NOTIC: [2] Cannot modify header information - headers already sent by (output started at D:\APMServ5.2.6\www\htdocs\mtceo\install\Lang\common.php:1) D:\APMServ5.2.6\www\htdocs\mtceo\mtceo\Lib\Core\View.class.php 第 88 行.
NOTIC: [2] Cannot modify header information - headers already sent by (output started at D:\APMServ5.2.6\www\htdocs\mtceo\install\Lang\common.php:1) D:\APMServ5.2.6\www\htdocs\mtceo\mtceo\Lib\Core\View.class.php 第 89 行.
NOTIC: [2] Cannot modify header information - headers already sent by (output started at D:\APMServ5.2.6\www\htdocs\mtceo\install\Lang\common.php:1) D:\APMServ5.2.6\www\htdocs\mtceo\mtceo\Lib\Core\View.class.php 第 90 行.
INFO: [ view_end ] --START--
INFO: Run ShowPageTrace Behavior [ RunTime:0.000824s ]
INFO: [ view_end ] --END-- [ RunTime:0.000960s ]

[ 2013-05-31T21:50:03+08:00 ] 127.0.0.1 /mtceo/install.php?m=index&a=finish_done
INFO: [ app_begin ] --START--
INFO: Run ReadHtmlCache Behavior [ RunTime:0.000867s ]
INFO: [ app_begin ] --END-- [ RunTime:0.001070s ]
NOTIC: [2] Cannot modify header information - headers already sent by (output started at D:\APMServ5.2.6\www\htdocs\mtceo\install\Lang\common.php:1) D:\APMServ5.2.6\www\htdocs\mtceo\install\Lib\Action\indexAction.class.php 第 175 行.
NOTIC: [8] ob_flush() [<a href='ref.outcontrol'>ref.outcontrol</a>]: failed to flush buffer. No buffer to flush. D:\APMServ5.2.6\www\htdocs\mtceo\install\Lib\Action\indexAction.class.php 第 250 行.
NOTIC: [8] ob_flush() [<a href='ref.outcontrol'>ref.outcontrol</a>]: failed to flush buffer. No buffer to flush. D:\APMServ5.2.6\www\htdocs\mtceo\install\Lib\Action\indexAction.class.php 第 250 行.
NOTIC: [8] ob_flush() [<a href='ref.outcontrol'>ref.outcontrol</a>]: failed to flush buffer. No buffer to flush. D:\APMServ5.2.6\www\htdocs\mtceo\install\Lib\Action\indexAction.class.php 第 250 行.
NOTIC: [8] ob_flush() [<a href='ref.outcontrol'>ref.outcontrol</a>]: failed to flush buffer. No buffer to flush. D:\APMServ5.2.6\www\htdocs\mtceo\install\Lib\Action\indexAction.class.php 第 250 行.
NOTIC: [8] ob_flush() [<a href='ref.outcontrol'>ref.outcontrol</a>]: failed to flush buffer. No buffer to flush. D:\APMServ5.2.6\www\htdocs\mtceo\install\Lib\Action\indexAction.class.php 第 250 行.
NOTIC: [8] ob_flush() [<a href='ref.outcontrol'>ref.outcontrol</a>]: failed to flush buffer. No buffer to flush. D:\APMServ5.2.6\www\htdocs\mtceo\install\Lib\Action\indexAction.class.php 第 250 行.
NOTIC: [8] ob_flush() [<a href='ref.outcontrol'>ref.outcontrol</a>]: failed to flush buffer. No buffer to flush. D:\APMServ5.2.6\www\htdocs\mtceo\install\Lib\Action\indexAction.class.php 第 250 行.
NOTIC: [8] ob_flush() [<a href='ref.outcontrol'>ref.outcontrol</a>]: failed to flush buffer. No buffer to flush. D:\APMServ5.2.6\www\htdocs\mtceo\install\Lib\Action\indexAction.class.php 第 250 行.
NOTIC: [8] ob_flush() [<a href='ref.outcontrol'>ref.outcontrol</a>]: failed to flush buffer. No buffer to flush. D:\APMServ5.2.6\www\htdocs\mtceo\install\Lib\Action\indexAction.class.php 第 250 行.
NOTIC: [8] ob_flush() [<a href='ref.outcontrol'>ref.outcontrol</a>]: failed to flush buffer. No buffer to flush. D:\APMServ5.2.6\www\htdocs\mtceo\install\Lib\Action\indexAction.class.php 第 250 行.
NOTIC: [8] ob_flush() [<a href='ref.outcontrol'>ref.outcontrol</a>]: failed to flush buffer. No buffer to flush. D:\APMServ5.2.6\www\htdocs\mtceo\install\Lib\Action\indexAction.class.php 第 250 行.
NOTIC: [8] ob_flush() [<a href='ref.outcontrol'>ref.outcontrol</a>]: failed to flush buffer. No buffer to flush. D:\APMServ5.2.6\www\htdocs\mtceo\install\Lib\Action\indexAction.class.php 第 250 行.
NOTIC: [8] ob_flush() [<a href='ref.outcontrol'>ref.outcontrol</a>]: failed to flush buffer. No buffer to flush. D:\APMServ5.2.6\www\htdocs\mtceo\install\Lib\Action\indexAction.class.php 第 250 行.
NOTIC: [8] ob_flush() [<a href='ref.outcontrol'>ref.outcontrol</a>]: failed to flush buffer. No buffer to flush. D:\APMServ5.2.6\www\htdocs\mtceo\install\Lib\Action\indexAction.class.php 第 250 行.
NOTIC: [8] ob_flush() [<a href='ref.outcontrol'>ref.outcontrol</a>]: failed to flush buffer. No buffer to flush. D:\APMServ5.2.6\www\htdocs\mtceo\install\Lib\Action\indexAction.class.php 第 250 行.
NOTIC: [8] ob_flush() [<a href='ref.outcontrol'>ref.outcontrol</a>]: failed to flush buffer. No buffer to flush. D:\APMServ5.2.6\www\htdocs\mtceo\install\Lib\Action\indexAction.class.php 第 250 行.
NOTIC: [8] ob_flush() [<a href='ref.outcontrol'>ref.outcontrol</a>]: failed to flush buffer. No buffer to flush. D:\APMServ5.2.6\www\htdocs\mtceo\install\Lib\Action\indexAction.class.php 第 250 行.
NOTIC: [8] ob_flush() [<a href='ref.outcontrol'>ref.outcontrol</a>]: failed to flush buffer. No buffer to flush. D:\APMServ5.2.6\www\htdocs\mtceo\install\Lib\Action\indexAction.class.php 第 250 行.
NOTIC: [8] ob_flush() [<a href='ref.outcontrol'>ref.outcontrol</a>]: failed to flush buffer. No buffer to flush. D:\APMServ5.2.6\www\htdocs\mtceo\install\Lib\Action\indexAction.class.php 第 250 行.
NOTIC: [8] ob_flush() [<a href='ref.outcontrol'>ref.outcontrol</a>]: failed to flush buffer. No buffer to flush. D:\APMServ5.2.6\www\htdocs\mtceo\install\Lib\Action\indexAction.class.php 第 250 行.
NOTIC: [8] ob_flush() [<a href='ref.outcontrol'>ref.outcontrol</a>]: failed to flush buffer. No buffer to flush. D:\APMServ5.2.6\www\htdocs\mtceo\install\Lib\Action\indexAction.class.php 第 250 行.
NOTIC: [8] ob_flush() [<a href='ref.outcontrol'>ref.outcontrol</a>]: failed to flush buffer. No buffer to flush. D:\APMServ5.2.6\www\htdocs\mtceo\install\Lib\Action\indexAction.class.php 第 250 行.
NOTIC: [8] ob_flush() [<a href='ref.outcontrol'>ref.outcontrol</a>]: failed to flush buffer. No buffer to flush. D:\APMServ5.2.6\www\htdocs\mtceo\install\Lib\Action\indexAction.class.php 第 250 行.
NOTIC: [8] ob_flush() [<a href='ref.outcontrol'>ref.outcontrol</a>]: failed to flush buffer. No buffer to flush. D:\APMServ5.2.6\www\htdocs\mtceo\install\Lib\Action\indexAction.class.php 第 250 行.
NOTIC: [8] ob_flush() [<a href='ref.outcontrol'>ref.outcontrol</a>]: failed to flush buffer. No buffer to flush. D:\APMServ5.2.6\www\htdocs\mtceo\install\Lib\Action\indexAction.class.php 第 250 行.
NOTIC: [8] ob_flush() [<a href='ref.outcontrol'>ref.outcontrol</a>]: failed to flush buffer. No buffer to flush. D:\APMServ5.2.6\www\htdocs\mtceo\install\Lib\Action\indexAction.class.php 第 250 行.
NOTIC: [8] ob_flush() [<a href='ref.outcontrol'>ref.outcontrol</a>]: failed to flush buffer. No buffer to flush. D:\APMServ5.2.6\www\htdocs\mtceo\install\Lib\Action\indexAction.class.php 第 250 行.
NOTIC: [8] ob_flush() [<a href='ref.outcontrol'>ref.outcontrol</a>]: failed to flush buffer. No buffer to flush. D:\APMServ5.2.6\www\htdocs\mtceo\install\Lib\Action\indexAction.class.php 第 250 行.
NOTIC: [8] ob_flush() [<a href='ref.outcontrol'>ref.outcontrol</a>]: failed to flush buffer. No buffer to flush. D:\APMServ5.2.6\www\htdocs\mtceo\install\Lib\Action\indexAction.class.php 第 250 行.
NOTIC: [8] ob_flush() [<a href='ref.outcontrol'>ref.outcontrol</a>]: failed to flush buffer. No buffer to flush. D:\APMServ5.2.6\www\htdocs\mtceo\install\Lib\Action\indexAction.class.php 第 250 行.
NOTIC: [8] ob_flush() [<a href='ref.outcontrol'>ref.outcontrol</a>]: failed to flush buffer. No buffer to flush. D:\APMServ5.2.6\www\htdocs\mtceo\install\Lib\Action\indexAction.class.php 第 250 行.
NOTIC: [8] ob_flush() [<a href='ref.outcontrol'>ref.outcontrol</a>]: failed to flush buffer. No buffer to flush. D:\APMServ5.2.6\www\htdocs\mtceo\install\Lib\Action\indexAction.class.php 第 250 行.
NOTIC: [8] ob_flush() [<a href='ref.outcontrol'>ref.outcontrol</a>]: failed to flush buffer. No buffer to flush. D:\APMServ5.2.6\www\htdocs\mtceo\install\Lib\Action\indexAction.class.php 第 250 行.

[ 2013-05-31T21:50:05+08:00 ] 127.0.0.1 /mtceo/install.php?m=index&a=finish
INFO: [ app_begin ] --START--
INFO: Run ReadHtmlCache Behavior [ RunTime:0.000691s ]
INFO: [ app_begin ] --END-- [ RunTime:0.000843s ]
INFO: [ view_template ] --START--
INFO: Run LocationTemplate Behavior [ RunTime:0.002875s ]
INFO: [ view_template ] --END-- [ RunTime:0.003092s ]
INFO: [ view_parse ] --START--
INFO: Run ParseTemplate Behavior [ RunTime:0.017797s ]
INFO: [ view_parse ] --END-- [ RunTime:0.017990s ]
INFO: [ view_filter ] --START--
INFO: Run ContentReplace Behavior [ RunTime:0.000810s ]
INFO: Run TokenBuild Behavior [ RunTime:0.000511s ]
INFO: Run WriteHtmlCache Behavior [ RunTime:0.000347s ]
INFO: Run ShowRuntime Behavior [ RunTime:0.000420s ]
INFO: [ view_filter ] --END-- [ RunTime:0.002339s ]
NOTIC: [2] Cannot modify header information - headers already sent by (output started at D:\APMServ5.2.6\www\htdocs\mtceo\install\Lang\common.php:1) D:\APMServ5.2.6\www\htdocs\mtceo\mtceo\Lib\Core\View.class.php 第 88 行.
NOTIC: [2] Cannot modify header information - headers already sent by (output started at D:\APMServ5.2.6\www\htdocs\mtceo\install\Lang\common.php:1) D:\APMServ5.2.6\www\htdocs\mtceo\mtceo\Lib\Core\View.class.php 第 89 行.
NOTIC: [2] Cannot modify header information - headers already sent by (output started at D:\APMServ5.2.6\www\htdocs\mtceo\install\Lang\common.php:1) D:\APMServ5.2.6\www\htdocs\mtceo\mtceo\Lib\Core\View.class.php 第 90 行.
INFO: [ view_end ] --START--
INFO: Run ShowPageTrace Behavior [ RunTime:0.000407s ]
INFO: [ view_end ] --END-- [ RunTime:0.000474s ]

