[ 2013-05-06T16:38:53+08:00 ] 24.169.201.84 /SScms/install.php
INFO: [ app_begin ] --START--
INFO: Run ReadHtmlCache Behavior [ RunTime:0.000998s ]
INFO: [ app_begin ] --END-- [ RunTime:0.001098s ]
INFO: [ view_template ] --START--
INFO: Run LocationTemplate Behavior [ RunTime:0.072713s ]
INFO: [ view_template ] --END-- [ RunTime:0.072838s ]
INFO: [ view_parse ] --START--
INFO: Run ParseTemplate Behavior [ RunTime:0.240123s ]
INFO: [ view_parse ] --END-- [ RunTime:0.240231s ]
INFO: [ view_filter ] --START--
INFO: Run ContentReplace Behavior [ RunTime:0.027331s ]
INFO: Run TokenBuild Behavior [ RunTime:0.014281s ]
INFO: Run WriteHtmlCache Behavior [ RunTime:0.022214s ]
INFO: Run ShowRuntime Behavior [ RunTime:0.042849s ]
INFO: [ view_filter ] --END-- [ RunTime:0.107017s ]
NOTIC: [2] Cannot modify header information - headers already sent by (output started at D:\PHPweb\SScms\install\Lang\common.php:1) D:\PHPweb\SScms\include\Lib\Core\View.class.php 第 88 行.
NOTIC: [2] Cannot modify header information - headers already sent by (output started at D:\PHPweb\SScms\install\Lang\common.php:1) D:\PHPweb\SScms\include\Lib\Core\View.class.php 第 89 行.
NOTIC: [2] Cannot modify header information - headers already sent by (output started at D:\PHPweb\SScms\install\Lang\common.php:1) D:\PHPweb\SScms\include\Lib\Core\View.class.php 第 90 行.
INFO: [ view_end ] --START--
INFO: Run ShowPageTrace Behavior [ RunTime:0.020065s ]
INFO: [ view_end ] --END-- [ RunTime:0.020171s ]

[ 2013-05-06T16:38:55+08:00 ] 24.169.201.84 /SScms/install.php?m=index&a=setconf
INFO: [ app_begin ] --START--
INFO: Run ReadHtmlCache Behavior [ RunTime:0.000999s ]
INFO: [ app_begin ] --END-- [ RunTime:0.001097s ]
INFO: [ view_template ] --START--
INFO: Run LocationTemplate Behavior [ RunTime:0.001362s ]
INFO: [ view_template ] --END-- [ RunTime:0.001449s ]
INFO: [ view_parse ] --START--
INFO: Run ParseTemplate Behavior [ RunTime:0.068605s ]
INFO: [ view_parse ] --END-- [ RunTime:0.068726s ]
INFO: [ view_filter ] --START--
INFO: Run ContentReplace Behavior [ RunTime:0.001101s ]
INFO: Run TokenBuild Behavior [ RunTime:0.000972s ]
INFO: Run WriteHtmlCache Behavior [ RunTime:0.000909s ]
INFO: Run ShowRuntime Behavior [ RunTime:0.001022s ]
INFO: [ view_filter ] --END-- [ RunTime:0.004205s ]
NOTIC: [2] Cannot modify header information - headers already sent by (output started at D:\PHPweb\SScms\install\Lang\common.php:1) D:\PHPweb\SScms\include\Lib\Core\View.class.php 第 88 行.
NOTIC: [2] Cannot modify header information - headers already sent by (output started at D:\PHPweb\SScms\install\Lang\common.php:1) D:\PHPweb\SScms\include\Lib\Core\View.class.php 第 89 行.
NOTIC: [2] Cannot modify header information - headers already sent by (output started at D:\PHPweb\SScms\install\Lang\common.php:1) D:\PHPweb\SScms\include\Lib\Core\View.class.php 第 90 行.
INFO: [ view_end ] --START--
INFO: Run ShowPageTrace Behavior [ RunTime:0.000631s ]
INFO: [ view_end ] --END-- [ RunTime:0.000704s ]

[ 2013-05-06T16:39:08+08:00 ] 24.169.201.84 /SScms/install.php?m=index&a=install
INFO: [ app_begin ] --START--
INFO: Run ReadHtmlCache Behavior [ RunTime:0.001000s ]
INFO: [ app_begin ] --END-- [ RunTime:0.001099s ]
INFO: [ view_template ] --START--
INFO: Run LocationTemplate Behavior [ RunTime:0.001520s ]
INFO: [ view_template ] --END-- [ RunTime:0.001607s ]
INFO: [ view_parse ] --START--
INFO: Run ParseTemplate Behavior [ RunTime:0.061310s ]
INFO: [ view_parse ] --END-- [ RunTime:0.061434s ]
INFO: [ view_filter ] --START--
INFO: Run ContentReplace Behavior [ RunTime:0.001095s ]
INFO: Run TokenBuild Behavior [ RunTime:0.000969s ]
INFO: Run WriteHtmlCache Behavior [ RunTime:0.000916s ]
INFO: Run ShowRuntime Behavior [ RunTime:0.001024s ]
INFO: [ view_filter ] --END-- [ RunTime:0.004209s ]
NOTIC: [2] Cannot modify header information - headers already sent by (output started at D:\PHPweb\SScms\install\Lang\common.php:1) D:\PHPweb\SScms\include\Lib\Core\View.class.php 第 88 行.
NOTIC: [2] Cannot modify header information - headers already sent by (output started at D:\PHPweb\SScms\install\Lang\common.php:1) D:\PHPweb\SScms\include\Lib\Core\View.class.php 第 89 行.
NOTIC: [2] Cannot modify header information - headers already sent by (output started at D:\PHPweb\SScms\install\Lang\common.php:1) D:\PHPweb\SScms\include\Lib\Core\View.class.php 第 90 行.
INFO: [ view_end ] --START--
INFO: Run ShowPageTrace Behavior [ RunTime:0.000479s ]
INFO: [ view_end ] --END-- [ RunTime:0.000555s ]

[ 2013-05-06T16:39:09+08:00 ] 24.169.201.84 /SScms/install.php?m=index&a=finish_done
INFO: [ app_begin ] --START--
INFO: Run ReadHtmlCache Behavior [ RunTime:0.001006s ]
INFO: [ app_begin ] --END-- [ RunTime:0.001114s ]
NOTIC: [2] Cannot modify header information - headers already sent by (output started at D:\PHPweb\SScms\install\Lang\common.php:1) D:\PHPweb\SScms\install\Lib\Action\indexAction.class.php 第 177 行.
NOTIC: [8] ob_flush() [<a href='ref.outcontrol'>ref.outcontrol</a>]: failed to flush buffer. No buffer to flush. D:\PHPweb\SScms\install\Lib\Action\indexAction.class.php 第 252 行.
NOTIC: [8] ob_flush() [<a href='ref.outcontrol'>ref.outcontrol</a>]: failed to flush buffer. No buffer to flush. D:\PHPweb\SScms\install\Lib\Action\indexAction.class.php 第 252 行.
NOTIC: [8] ob_flush() [<a href='ref.outcontrol'>ref.outcontrol</a>]: failed to flush buffer. No buffer to flush. D:\PHPweb\SScms\install\Lib\Action\indexAction.class.php 第 252 行.
NOTIC: [8] ob_flush() [<a href='ref.outcontrol'>ref.outcontrol</a>]: failed to flush buffer. No buffer to flush. D:\PHPweb\SScms\install\Lib\Action\indexAction.class.php 第 252 行.
NOTIC: [8] ob_flush() [<a href='ref.outcontrol'>ref.outcontrol</a>]: failed to flush buffer. No buffer to flush. D:\PHPweb\SScms\install\Lib\Action\indexAction.class.php 第 252 行.
NOTIC: [8] ob_flush() [<a href='ref.outcontrol'>ref.outcontrol</a>]: failed to flush buffer. No buffer to flush. D:\PHPweb\SScms\install\Lib\Action\indexAction.class.php 第 252 行.
NOTIC: [8] ob_flush() [<a href='ref.outcontrol'>ref.outcontrol</a>]: failed to flush buffer. No buffer to flush. D:\PHPweb\SScms\install\Lib\Action\indexAction.class.php 第 252 行.
NOTIC: [8] ob_flush() [<a href='ref.outcontrol'>ref.outcontrol</a>]: failed to flush buffer. No buffer to flush. D:\PHPweb\SScms\install\Lib\Action\indexAction.class.php 第 252 行.
NOTIC: [8] ob_flush() [<a href='ref.outcontrol'>ref.outcontrol</a>]: failed to flush buffer. No buffer to flush. D:\PHPweb\SScms\install\Lib\Action\indexAction.class.php 第 252 行.
NOTIC: [8] ob_flush() [<a href='ref.outcontrol'>ref.outcontrol</a>]: failed to flush buffer. No buffer to flush. D:\PHPweb\SScms\install\Lib\Action\indexAction.class.php 第 252 行.
NOTIC: [8] ob_flush() [<a href='ref.outcontrol'>ref.outcontrol</a>]: failed to flush buffer. No buffer to flush. D:\PHPweb\SScms\install\Lib\Action\indexAction.class.php 第 252 行.
NOTIC: [8] ob_flush() [<a href='ref.outcontrol'>ref.outcontrol</a>]: failed to flush buffer. No buffer to flush. D:\PHPweb\SScms\install\Lib\Action\indexAction.class.php 第 252 行.
NOTIC: [8] ob_flush() [<a href='ref.outcontrol'>ref.outcontrol</a>]: failed to flush buffer. No buffer to flush. D:\PHPweb\SScms\install\Lib\Action\indexAction.class.php 第 252 行.
NOTIC: [8] ob_flush() [<a href='ref.outcontrol'>ref.outcontrol</a>]: failed to flush buffer. No buffer to flush. D:\PHPweb\SScms\install\Lib\Action\indexAction.class.php 第 252 行.
NOTIC: [8] ob_flush() [<a href='ref.outcontrol'>ref.outcontrol</a>]: failed to flush buffer. No buffer to flush. D:\PHPweb\SScms\install\Lib\Action\indexAction.class.php 第 252 行.
NOTIC: [8] ob_flush() [<a href='ref.outcontrol'>ref.outcontrol</a>]: failed to flush buffer. No buffer to flush. D:\PHPweb\SScms\install\Lib\Action\indexAction.class.php 第 252 行.
NOTIC: [8] ob_flush() [<a href='ref.outcontrol'>ref.outcontrol</a>]: failed to flush buffer. No buffer to flush. D:\PHPweb\SScms\install\Lib\Action\indexAction.class.php 第 252 行.
NOTIC: [8] ob_flush() [<a href='ref.outcontrol'>ref.outcontrol</a>]: failed to flush buffer. No buffer to flush. D:\PHPweb\SScms\install\Lib\Action\indexAction.class.php 第 252 行.
NOTIC: [8] ob_flush() [<a href='ref.outcontrol'>ref.outcontrol</a>]: failed to flush buffer. No buffer to flush. D:\PHPweb\SScms\install\Lib\Action\indexAction.class.php 第 252 行.
NOTIC: [8] ob_flush() [<a href='ref.outcontrol'>ref.outcontrol</a>]: failed to flush buffer. No buffer to flush. D:\PHPweb\SScms\install\Lib\Action\indexAction.class.php 第 252 行.
NOTIC: [8] ob_flush() [<a href='ref.outcontrol'>ref.outcontrol</a>]: failed to flush buffer. No buffer to flush. D:\PHPweb\SScms\install\Lib\Action\indexAction.class.php 第 252 行.
NOTIC: [8] ob_flush() [<a href='ref.outcontrol'>ref.outcontrol</a>]: failed to flush buffer. No buffer to flush. D:\PHPweb\SScms\install\Lib\Action\indexAction.class.php 第 252 行.
NOTIC: [8] ob_flush() [<a href='ref.outcontrol'>ref.outcontrol</a>]: failed to flush buffer. No buffer to flush. D:\PHPweb\SScms\install\Lib\Action\indexAction.class.php 第 252 行.
NOTIC: [8] ob_flush() [<a href='ref.outcontrol'>ref.outcontrol</a>]: failed to flush buffer. No buffer to flush. D:\PHPweb\SScms\install\Lib\Action\indexAction.class.php 第 252 行.
NOTIC: [8] ob_flush() [<a href='ref.outcontrol'>ref.outcontrol</a>]: failed to flush buffer. No buffer to flush. D:\PHPweb\SScms\install\Lib\Action\indexAction.class.php 第 252 行.
NOTIC: [8] ob_flush() [<a href='ref.outcontrol'>ref.outcontrol</a>]: failed to flush buffer. No buffer to flush. D:\PHPweb\SScms\install\Lib\Action\indexAction.class.php 第 252 行.
NOTIC: [8] ob_flush() [<a href='ref.outcontrol'>ref.outcontrol</a>]: failed to flush buffer. No buffer to flush. D:\PHPweb\SScms\install\Lib\Action\indexAction.class.php 第 252 行.
NOTIC: [8] ob_flush() [<a href='ref.outcontrol'>ref.outcontrol</a>]: failed to flush buffer. No buffer to flush. D:\PHPweb\SScms\install\Lib\Action\indexAction.class.php 第 252 行.
NOTIC: [8] ob_flush() [<a href='ref.outcontrol'>ref.outcontrol</a>]: failed to flush buffer. No buffer to flush. D:\PHPweb\SScms\install\Lib\Action\indexAction.class.php 第 252 行.
NOTIC: [8] ob_flush() [<a href='ref.outcontrol'>ref.outcontrol</a>]: failed to flush buffer. No buffer to flush. D:\PHPweb\SScms\install\Lib\Action\indexAction.class.php 第 252 行.
NOTIC: [8] ob_flush() [<a href='ref.outcontrol'>ref.outcontrol</a>]: failed to flush buffer. No buffer to flush. D:\PHPweb\SScms\install\Lib\Action\indexAction.class.php 第 252 行.
NOTIC: [8] ob_flush() [<a href='ref.outcontrol'>ref.outcontrol</a>]: failed to flush buffer. No buffer to flush. D:\PHPweb\SScms\install\Lib\Action\indexAction.class.php 第 252 行.
NOTIC: [8] ob_flush() [<a href='ref.outcontrol'>ref.outcontrol</a>]: failed to flush buffer. No buffer to flush. D:\PHPweb\SScms\install\Lib\Action\indexAction.class.php 第 252 行.
NOTIC: [8] ob_flush() [<a href='ref.outcontrol'>ref.outcontrol</a>]: failed to flush buffer. No buffer to flush. D:\PHPweb\SScms\install\Lib\Action\indexAction.class.php 第 252 行.

[ 2013-05-06T16:39:10+08:00 ] 24.169.201.84 /SScms/install.php?m=index&a=finish
INFO: [ app_begin ] --START--
INFO: Run ReadHtmlCache Behavior [ RunTime:0.001045s ]
INFO: [ app_begin ] --END-- [ RunTime:0.001143s ]
INFO: [ view_template ] --START--
INFO: Run LocationTemplate Behavior [ RunTime:0.001550s ]
INFO: [ view_template ] --END-- [ RunTime:0.001642s ]
INFO: [ view_parse ] --START--
INFO: Run ParseTemplate Behavior [ RunTime:0.023189s ]
INFO: [ view_parse ] --END-- [ RunTime:0.023319s ]
INFO: [ view_filter ] --START--
INFO: Run ContentReplace Behavior [ RunTime:0.001091s ]
INFO: Run TokenBuild Behavior [ RunTime:0.001037s ]
INFO: Run WriteHtmlCache Behavior [ RunTime:0.000909s ]
INFO: Run ShowRuntime Behavior [ RunTime:0.001062s ]
INFO: [ view_filter ] --END-- [ RunTime:0.004309s ]
NOTIC: [2] Cannot modify header information - headers already sent by (output started at D:\PHPweb\SScms\install\Lang\common.php:1) D:\PHPweb\SScms\include\Lib\Core\View.class.php 第 88 行.
NOTIC: [2] Cannot modify header information - headers already sent by (output started at D:\PHPweb\SScms\install\Lang\common.php:1) D:\PHPweb\SScms\include\Lib\Core\View.class.php 第 89 行.
NOTIC: [2] Cannot modify header information - headers already sent by (output started at D:\PHPweb\SScms\install\Lang\common.php:1) D:\PHPweb\SScms\include\Lib\Core\View.class.php 第 90 行.
INFO: [ view_end ] --START--
INFO: Run ShowPageTrace Behavior [ RunTime:0.000452s ]
INFO: [ view_end ] --END-- [ RunTime:0.000524s ]

[ 2013-05-06T18:19:51+08:00 ] 24.169.201.84 /SScms/install.php
INFO: [ app_begin ] --START--
INFO: Run ReadHtmlCache Behavior [ RunTime:0.001035s ]
INFO: [ app_begin ] --END-- [ RunTime:0.001133s ]
INFO: [ view_template ] --START--
INFO: Run LocationTemplate Behavior [ RunTime:0.001612s ]
INFO: [ view_template ] --END-- [ RunTime:0.001711s ]
INFO: [ view_parse ] --START--
INFO: Run ParseTemplate Behavior [ RunTime:0.051106s ]
INFO: [ view_parse ] --END-- [ RunTime:0.051226s ]
INFO: [ view_filter ] --START--
INFO: Run ContentReplace Behavior [ RunTime:0.001150s ]
INFO: Run TokenBuild Behavior [ RunTime:0.000999s ]
INFO: Run WriteHtmlCache Behavior [ RunTime:0.000934s ]
INFO: Run ShowRuntime Behavior [ RunTime:0.001050s ]
INFO: [ view_filter ] --END-- [ RunTime:0.004336s ]
NOTIC: [2] Cannot modify header information - headers already sent by (output started at D:\PHPweb\SScms\install\Lang\common.php:1) D:\PHPweb\SScms\include\Lib\Core\View.class.php 第 88 行.
NOTIC: [2] Cannot modify header information - headers already sent by (output started at D:\PHPweb\SScms\install\Lang\common.php:1) D:\PHPweb\SScms\include\Lib\Core\View.class.php 第 89 行.
NOTIC: [2] Cannot modify header information - headers already sent by (output started at D:\PHPweb\SScms\install\Lang\common.php:1) D:\PHPweb\SScms\include\Lib\Core\View.class.php 第 90 行.
INFO: [ view_end ] --START--
INFO: Run ShowPageTrace Behavior [ RunTime:0.000457s ]
INFO: [ view_end ] --END-- [ RunTime:0.000529s ]

[ 2013-05-06T18:19:53+08:00 ] 24.169.201.84 /SScms/install.php?m=index&a=setconf
INFO: [ app_begin ] --START--
INFO: Run ReadHtmlCache Behavior [ RunTime:0.000297s ]
INFO: [ app_begin ] --END-- [ RunTime:0.000390s ]
INFO: [ view_template ] --START--
INFO: Run LocationTemplate Behavior [ RunTime:0.001288s ]
INFO: [ view_template ] --END-- [ RunTime:0.001412s ]
INFO: [ view_parse ] --START--
INFO: Run ParseTemplate Behavior [ RunTime:0.040061s ]
INFO: [ view_parse ] --END-- [ RunTime:0.040195s ]
INFO: [ view_filter ] --START--
INFO: Run ContentReplace Behavior [ RunTime:0.000582s ]
INFO: Run TokenBuild Behavior [ RunTime:0.000260s ]
INFO: Run WriteHtmlCache Behavior [ RunTime:0.000194s ]
INFO: Run ShowRuntime Behavior [ RunTime:0.000308s ]
INFO: [ view_filter ] --END-- [ RunTime:0.001541s ]
NOTIC: [2] Cannot modify header information - headers already sent by (output started at D:\PHPweb\SScms\install\Lang\common.php:1) D:\PHPweb\SScms\include\Lib\Core\View.class.php 第 88 行.
NOTIC: [2] Cannot modify header information - headers already sent by (output started at D:\PHPweb\SScms\install\Lang\common.php:1) D:\PHPweb\SScms\include\Lib\Core\View.class.php 第 89 行.
NOTIC: [2] Cannot modify header information - headers already sent by (output started at D:\PHPweb\SScms\install\Lang\common.php:1) D:\PHPweb\SScms\include\Lib\Core\View.class.php 第 90 行.
INFO: [ view_end ] --START--
INFO: Run ShowPageTrace Behavior [ RunTime:0.000316s ]
INFO: [ view_end ] --END-- [ RunTime:0.000399s ]

[ 2013-05-06T18:20:07+08:00 ] 24.169.201.84 /SScms/install.php?m=index&a=install
INFO: [ app_begin ] --START--
INFO: Run ReadHtmlCache Behavior [ RunTime:0.000294s ]
INFO: [ app_begin ] --END-- [ RunTime:0.000392s ]
INFO: [ view_template ] --START--
INFO: Run LocationTemplate Behavior [ RunTime:0.001208s ]
INFO: [ view_template ] --END-- [ RunTime:0.001291s ]
INFO: [ view_parse ] --START--
INFO: Run ParseTemplate Behavior [ RunTime:0.033198s ]
INFO: [ view_parse ] --END-- [ RunTime:0.033320s ]
INFO: [ view_filter ] --START--
INFO: Run ContentReplace Behavior [ RunTime:0.001163s ]
INFO: Run TokenBuild Behavior [ RunTime:0.001000s ]
INFO: Run WriteHtmlCache Behavior [ RunTime:0.000934s ]
INFO: Run ShowRuntime Behavior [ RunTime:0.001081s ]
INFO: [ view_filter ] --END-- [ RunTime:0.004383s ]
NOTIC: [2] Cannot modify header information - headers already sent by (output started at D:\PHPweb\SScms\install\Lang\common.php:1) D:\PHPweb\SScms\include\Lib\Core\View.class.php 第 88 行.
NOTIC: [2] Cannot modify header information - headers already sent by (output started at D:\PHPweb\SScms\install\Lang\common.php:1) D:\PHPweb\SScms\include\Lib\Core\View.class.php 第 89 行.
NOTIC: [2] Cannot modify header information - headers already sent by (output started at D:\PHPweb\SScms\install\Lang\common.php:1) D:\PHPweb\SScms\include\Lib\Core\View.class.php 第 90 行.
INFO: [ view_end ] --START--
INFO: Run ShowPageTrace Behavior [ RunTime:0.000647s ]
INFO: [ view_end ] --END-- [ RunTime:0.000720s ]

[ 2013-05-06T18:20:09+08:00 ] 24.169.201.84 /SScms/install.php?m=index&a=finish_done
INFO: [ app_begin ] --START--
INFO: Run ReadHtmlCache Behavior [ RunTime:0.000676s ]
INFO: [ app_begin ] --END-- [ RunTime:0.000776s ]
NOTIC: [2] Cannot modify header information - headers already sent by (output started at D:\PHPweb\SScms\install\Lang\common.php:1) D:\PHPweb\SScms\install\Lib\Action\indexAction.class.php 第 177 行.
NOTIC: [8] ob_flush() [<a href='ref.outcontrol'>ref.outcontrol</a>]: failed to flush buffer. No buffer to flush. D:\PHPweb\SScms\install\Lib\Action\indexAction.class.php 第 252 行.
NOTIC: [8] ob_flush() [<a href='ref.outcontrol'>ref.outcontrol</a>]: failed to flush buffer. No buffer to flush. D:\PHPweb\SScms\install\Lib\Action\indexAction.class.php 第 252 行.
NOTIC: [8] ob_flush() [<a href='ref.outcontrol'>ref.outcontrol</a>]: failed to flush buffer. No buffer to flush. D:\PHPweb\SScms\install\Lib\Action\indexAction.class.php 第 252 行.
NOTIC: [8] ob_flush() [<a href='ref.outcontrol'>ref.outcontrol</a>]: failed to flush buffer. No buffer to flush. D:\PHPweb\SScms\install\Lib\Action\indexAction.class.php 第 252 行.
NOTIC: [8] ob_flush() [<a href='ref.outcontrol'>ref.outcontrol</a>]: failed to flush buffer. No buffer to flush. D:\PHPweb\SScms\install\Lib\Action\indexAction.class.php 第 252 行.
NOTIC: [8] ob_flush() [<a href='ref.outcontrol'>ref.outcontrol</a>]: failed to flush buffer. No buffer to flush. D:\PHPweb\SScms\install\Lib\Action\indexAction.class.php 第 252 行.
NOTIC: [8] ob_flush() [<a href='ref.outcontrol'>ref.outcontrol</a>]: failed to flush buffer. No buffer to flush. D:\PHPweb\SScms\install\Lib\Action\indexAction.class.php 第 252 行.
NOTIC: [8] ob_flush() [<a href='ref.outcontrol'>ref.outcontrol</a>]: failed to flush buffer. No buffer to flush. D:\PHPweb\SScms\install\Lib\Action\indexAction.class.php 第 252 行.
NOTIC: [8] ob_flush() [<a href='ref.outcontrol'>ref.outcontrol</a>]: failed to flush buffer. No buffer to flush. D:\PHPweb\SScms\install\Lib\Action\indexAction.class.php 第 252 行.
NOTIC: [8] ob_flush() [<a href='ref.outcontrol'>ref.outcontrol</a>]: failed to flush buffer. No buffer to flush. D:\PHPweb\SScms\install\Lib\Action\indexAction.class.php 第 252 行.
NOTIC: [8] ob_flush() [<a href='ref.outcontrol'>ref.outcontrol</a>]: failed to flush buffer. No buffer to flush. D:\PHPweb\SScms\install\Lib\Action\indexAction.class.php 第 252 行.
NOTIC: [8] ob_flush() [<a href='ref.outcontrol'>ref.outcontrol</a>]: failed to flush buffer. No buffer to flush. D:\PHPweb\SScms\install\Lib\Action\indexAction.class.php 第 252 行.
NOTIC: [8] ob_flush() [<a href='ref.outcontrol'>ref.outcontrol</a>]: failed to flush buffer. No buffer to flush. D:\PHPweb\SScms\install\Lib\Action\indexAction.class.php 第 252 行.
NOTIC: [8] ob_flush() [<a href='ref.outcontrol'>ref.outcontrol</a>]: failed to flush buffer. No buffer to flush. D:\PHPweb\SScms\install\Lib\Action\indexAction.class.php 第 252 行.
NOTIC: [8] ob_flush() [<a href='ref.outcontrol'>ref.outcontrol</a>]: failed to flush buffer. No buffer to flush. D:\PHPweb\SScms\install\Lib\Action\indexAction.class.php 第 252 行.
NOTIC: [8] ob_flush() [<a href='ref.outcontrol'>ref.outcontrol</a>]: failed to flush buffer. No buffer to flush. D:\PHPweb\SScms\install\Lib\Action\indexAction.class.php 第 252 行.
NOTIC: [8] ob_flush() [<a href='ref.outcontrol'>ref.outcontrol</a>]: failed to flush buffer. No buffer to flush. D:\PHPweb\SScms\install\Lib\Action\indexAction.class.php 第 252 行.
NOTIC: [8] ob_flush() [<a href='ref.outcontrol'>ref.outcontrol</a>]: failed to flush buffer. No buffer to flush. D:\PHPweb\SScms\install\Lib\Action\indexAction.class.php 第 252 行.
NOTIC: [8] ob_flush() [<a href='ref.outcontrol'>ref.outcontrol</a>]: failed to flush buffer. No buffer to flush. D:\PHPweb\SScms\install\Lib\Action\indexAction.class.php 第 252 行.
NOTIC: [8] ob_flush() [<a href='ref.outcontrol'>ref.outcontrol</a>]: failed to flush buffer. No buffer to flush. D:\PHPweb\SScms\install\Lib\Action\indexAction.class.php 第 252 行.
NOTIC: [8] ob_flush() [<a href='ref.outcontrol'>ref.outcontrol</a>]: failed to flush buffer. No buffer to flush. D:\PHPweb\SScms\install\Lib\Action\indexAction.class.php 第 252 行.
NOTIC: [8] ob_flush() [<a href='ref.outcontrol'>ref.outcontrol</a>]: failed to flush buffer. No buffer to flush. D:\PHPweb\SScms\install\Lib\Action\indexAction.class.php 第 252 行.
NOTIC: [8] ob_flush() [<a href='ref.outcontrol'>ref.outcontrol</a>]: failed to flush buffer. No buffer to flush. D:\PHPweb\SScms\install\Lib\Action\indexAction.class.php 第 252 行.
NOTIC: [8] ob_flush() [<a href='ref.outcontrol'>ref.outcontrol</a>]: failed to flush buffer. No buffer to flush. D:\PHPweb\SScms\install\Lib\Action\indexAction.class.php 第 252 行.
NOTIC: [8] ob_flush() [<a href='ref.outcontrol'>ref.outcontrol</a>]: failed to flush buffer. No buffer to flush. D:\PHPweb\SScms\install\Lib\Action\indexAction.class.php 第 252 行.
NOTIC: [8] ob_flush() [<a href='ref.outcontrol'>ref.outcontrol</a>]: failed to flush buffer. No buffer to flush. D:\PHPweb\SScms\install\Lib\Action\indexAction.class.php 第 252 行.
NOTIC: [8] ob_flush() [<a href='ref.outcontrol'>ref.outcontrol</a>]: failed to flush buffer. No buffer to flush. D:\PHPweb\SScms\install\Lib\Action\indexAction.class.php 第 252 行.
NOTIC: [8] ob_flush() [<a href='ref.outcontrol'>ref.outcontrol</a>]: failed to flush buffer. No buffer to flush. D:\PHPweb\SScms\install\Lib\Action\indexAction.class.php 第 252 行.
NOTIC: [8] ob_flush() [<a href='ref.outcontrol'>ref.outcontrol</a>]: failed to flush buffer. No buffer to flush. D:\PHPweb\SScms\install\Lib\Action\indexAction.class.php 第 252 行.
NOTIC: [8] ob_flush() [<a href='ref.outcontrol'>ref.outcontrol</a>]: failed to flush buffer. No buffer to flush. D:\PHPweb\SScms\install\Lib\Action\indexAction.class.php 第 252 行.
NOTIC: [8] ob_flush() [<a href='ref.outcontrol'>ref.outcontrol</a>]: failed to flush buffer. No buffer to flush. D:\PHPweb\SScms\install\Lib\Action\indexAction.class.php 第 252 行.
NOTIC: [8] ob_flush() [<a href='ref.outcontrol'>ref.outcontrol</a>]: failed to flush buffer. No buffer to flush. D:\PHPweb\SScms\install\Lib\Action\indexAction.class.php 第 252 行.
NOTIC: [8] ob_flush() [<a href='ref.outcontrol'>ref.outcontrol</a>]: failed to flush buffer. No buffer to flush. D:\PHPweb\SScms\install\Lib\Action\indexAction.class.php 第 252 行.
NOTIC: [8] ob_flush() [<a href='ref.outcontrol'>ref.outcontrol</a>]: failed to flush buffer. No buffer to flush. D:\PHPweb\SScms\install\Lib\Action\indexAction.class.php 第 252 行.
NOTIC: [8] ob_flush() [<a href='ref.outcontrol'>ref.outcontrol</a>]: failed to flush buffer. No buffer to flush. D:\PHPweb\SScms\install\Lib\Action\indexAction.class.php 第 252 行.
NOTIC: [8] ob_flush() [<a href='ref.outcontrol'>ref.outcontrol</a>]: failed to flush buffer. No buffer to flush. D:\PHPweb\SScms\install\Lib\Action\indexAction.class.php 第 252 行.
NOTIC: [8] ob_flush() [<a href='ref.outcontrol'>ref.outcontrol</a>]: failed to flush buffer. No buffer to flush. D:\PHPweb\SScms\install\Lib\Action\indexAction.class.php 第 252 行.
NOTIC: [8] ob_flush() [<a href='ref.outcontrol'>ref.outcontrol</a>]: failed to flush buffer. No buffer to flush. D:\PHPweb\SScms\install\Lib\Action\indexAction.class.php 第 252 行.
NOTIC: [8] ob_flush() [<a href='ref.outcontrol'>ref.outcontrol</a>]: failed to flush buffer. No buffer to flush. D:\PHPweb\SScms\install\Lib\Action\indexAction.class.php 第 252 行.
NOTIC: [8] ob_flush() [<a href='ref.outcontrol'>ref.outcontrol</a>]: failed to flush buffer. No buffer to flush. D:\PHPweb\SScms\install\Lib\Action\indexAction.class.php 第 252 行.
NOTIC: [8] ob_flush() [<a href='ref.outcontrol'>ref.outcontrol</a>]: failed to flush buffer. No buffer to flush. D:\PHPweb\SScms\install\Lib\Action\indexAction.class.php 第 252 行.
NOTIC: [8] ob_flush() [<a href='ref.outcontrol'>ref.outcontrol</a>]: failed to flush buffer. No buffer to flush. D:\PHPweb\SScms\install\Lib\Action\indexAction.class.php 第 252 行.
NOTIC: [8] ob_flush() [<a href='ref.outcontrol'>ref.outcontrol</a>]: failed to flush buffer. No buffer to flush. D:\PHPweb\SScms\install\Lib\Action\indexAction.class.php 第 252 行.

[ 2013-05-06T18:20:13+08:00 ] 24.169.201.84 /SScms/install.php?m=index&a=finish
INFO: [ app_begin ] --START--
INFO: Run ReadHtmlCache Behavior [ RunTime:0.000401s ]
INFO: [ app_begin ] --END-- [ RunTime:0.000511s ]
INFO: [ view_template ] --START--
INFO: Run LocationTemplate Behavior [ RunTime:0.001104s ]
INFO: [ view_template ] --END-- [ RunTime:0.001202s ]
INFO: [ view_parse ] --START--
INFO: Run ParseTemplate Behavior [ RunTime:0.041498s ]
INFO: [ view_parse ] --END-- [ RunTime:0.041624s ]
INFO: [ view_filter ] --START--
INFO: Run ContentReplace Behavior [ RunTime:0.000896s ]
INFO: Run TokenBuild Behavior [ RunTime:0.001062s ]
INFO: Run WriteHtmlCache Behavior [ RunTime:0.000634s ]
INFO: Run ShowRuntime Behavior [ RunTime:0.000692s ]
INFO: [ view_filter ] --END-- [ RunTime:0.003525s ]
NOTIC: [2] Cannot modify header information - headers already sent by (output started at D:\PHPweb\SScms\install\Lang\common.php:1) D:\PHPweb\SScms\include\Lib\Core\View.class.php 第 88 行.
NOTIC: [2] Cannot modify header information - headers already sent by (output started at D:\PHPweb\SScms\install\Lang\common.php:1) D:\PHPweb\SScms\include\Lib\Core\View.class.php 第 89 行.
NOTIC: [2] Cannot modify header information - headers already sent by (output started at D:\PHPweb\SScms\install\Lang\common.php:1) D:\PHPweb\SScms\include\Lib\Core\View.class.php 第 90 行.
INFO: [ view_end ] --START--
INFO: Run ShowPageTrace Behavior [ RunTime:0.000643s ]
INFO: [ view_end ] --END-- [ RunTime:0.000715s ]

[ 2013-05-06T18:22:55+08:00 ] 24.169.201.84 /SScms/install.php
INFO: [ app_begin ] --START--
INFO: Run ReadHtmlCache Behavior [ RunTime:0.000670s ]
INFO: [ app_begin ] --END-- [ RunTime:0.000764s ]
INFO: [ view_template ] --START--
INFO: Run LocationTemplate Behavior [ RunTime:0.001077s ]
INFO: [ view_template ] --END-- [ RunTime:0.001167s ]
INFO: [ view_parse ] --START--
INFO: Run ParseTemplate Behavior [ RunTime:0.027629s ]
INFO: [ view_parse ] --END-- [ RunTime:0.027748s ]
INFO: [ view_filter ] --START--
INFO: Run ContentReplace Behavior [ RunTime:0.000778s ]
INFO: Run TokenBuild Behavior [ RunTime:0.000638s ]
INFO: Run WriteHtmlCache Behavior [ RunTime:0.000572s ]
INFO: Run ShowRuntime Behavior [ RunTime:0.000686s ]
INFO: [ view_filter ] --END-- [ RunTime:0.002872s ]
NOTIC: [2] Cannot modify header information - headers already sent by (output started at D:\PHPweb\SScms\install\Lang\common.php:1) D:\PHPweb\SScms\include\Lib\Core\View.class.php 第 88 行.
NOTIC: [2] Cannot modify header information - headers already sent by (output started at D:\PHPweb\SScms\install\Lang\common.php:1) D:\PHPweb\SScms\include\Lib\Core\View.class.php 第 89 行.
NOTIC: [2] Cannot modify header information - headers already sent by (output started at D:\PHPweb\SScms\install\Lang\common.php:1) D:\PHPweb\SScms\include\Lib\Core\View.class.php 第 90 行.
INFO: [ view_end ] --START--
INFO: Run ShowPageTrace Behavior [ RunTime:0.000650s ]
INFO: [ view_end ] --END-- [ RunTime:0.000724s ]

[ 2013-05-06T18:22:57+08:00 ] 24.169.201.84 /SScms/install.php?m=index&a=setconf
INFO: [ app_begin ] --START--
INFO: Run ReadHtmlCache Behavior [ RunTime:0.000294s ]
INFO: [ app_begin ] --END-- [ RunTime:0.000390s ]
INFO: [ view_template ] --START--
INFO: Run LocationTemplate Behavior [ RunTime:0.001209s ]
INFO: [ view_template ] --END-- [ RunTime:0.001294s ]
INFO: [ view_parse ] --START--
INFO: Run ParseTemplate Behavior [ RunTime:0.019789s ]
INFO: [ view_parse ] --END-- [ RunTime:0.019907s ]
INFO: [ view_filter ] --START--
INFO: Run ContentReplace Behavior [ RunTime:0.000781s ]
INFO: Run TokenBuild Behavior [ RunTime:0.000638s ]
INFO: Run WriteHtmlCache Behavior [ RunTime:0.000685s ]
INFO: Run ShowRuntime Behavior [ RunTime:0.000692s ]
INFO: [ view_filter ] --END-- [ RunTime:0.002999s ]
NOTIC: [2] Cannot modify header information - headers already sent by (output started at D:\PHPweb\SScms\install\Lang\common.php:1) D:\PHPweb\SScms\include\Lib\Core\View.class.php 第 88 行.
NOTIC: [2] Cannot modify header information - headers already sent by (output started at D:\PHPweb\SScms\install\Lang\common.php:1) D:\PHPweb\SScms\include\Lib\Core\View.class.php 第 89 行.
NOTIC: [2] Cannot modify header information - headers already sent by (output started at D:\PHPweb\SScms\install\Lang\common.php:1) D:\PHPweb\SScms\include\Lib\Core\View.class.php 第 90 行.
INFO: [ view_end ] --START--
INFO: Run ShowPageTrace Behavior [ RunTime:0.000640s ]
INFO: [ view_end ] --END-- [ RunTime:0.000713s ]

[ 2013-05-06T18:23:03+08:00 ] 24.169.201.84 /SScms/install.php?m=index&a=install
INFO: [ app_begin ] --START--
INFO: Run ReadHtmlCache Behavior [ RunTime:0.001050s ]
INFO: [ app_begin ] --END-- [ RunTime:0.001157s ]
INFO: [ view_template ] --START--
INFO: Run LocationTemplate Behavior [ RunTime:0.001556s ]
INFO: [ view_template ] --END-- [ RunTime:0.001659s ]
INFO: [ view_parse ] --START--
INFO: Run ParseTemplate Behavior [ RunTime:0.025526s ]
INFO: [ view_parse ] --END-- [ RunTime:0.025649s ]
INFO: [ view_filter ] --START--
INFO: Run ContentReplace Behavior [ RunTime:0.000760s ]
INFO: Run TokenBuild Behavior [ RunTime:0.000637s ]
INFO: Run WriteHtmlCache Behavior [ RunTime:0.000570s ]
INFO: Run ShowRuntime Behavior [ RunTime:0.000745s ]
INFO: [ view_filter ] --END-- [ RunTime:0.002913s ]
NOTIC: [2] Cannot modify header information - headers already sent by (output started at D:\PHPweb\SScms\install\Lang\common.php:1) D:\PHPweb\SScms\include\Lib\Core\View.class.php 第 88 行.
NOTIC: [2] Cannot modify header information - headers already sent by (output started at D:\PHPweb\SScms\install\Lang\common.php:1) D:\PHPweb\SScms\include\Lib\Core\View.class.php 第 89 行.
NOTIC: [2] Cannot modify header information - headers already sent by (output started at D:\PHPweb\SScms\install\Lang\common.php:1) D:\PHPweb\SScms\include\Lib\Core\View.class.php 第 90 行.
INFO: [ view_end ] --START--
INFO: Run ShowPageTrace Behavior [ RunTime:0.000643s ]
INFO: [ view_end ] --END-- [ RunTime:0.000716s ]

[ 2013-05-06T18:23:04+08:00 ] 24.169.201.84 /SScms/install.php?m=index&a=finish_done
INFO: [ app_begin ] --START--
INFO: Run ReadHtmlCache Behavior [ RunTime:0.000292s ]
INFO: [ app_begin ] --END-- [ RunTime:0.000385s ]
NOTIC: [2] Cannot modify header information - headers already sent by (output started at D:\PHPweb\SScms\install\Lang\common.php:1) D:\PHPweb\SScms\install\Lib\Action\indexAction.class.php 第 177 行.
NOTIC: [8] ob_flush() [<a href='ref.outcontrol'>ref.outcontrol</a>]: failed to flush buffer. No buffer to flush. D:\PHPweb\SScms\install\Lib\Action\indexAction.class.php 第 252 行.
NOTIC: [8] ob_flush() [<a href='ref.outcontrol'>ref.outcontrol</a>]: failed to flush buffer. No buffer to flush. D:\PHPweb\SScms\install\Lib\Action\indexAction.class.php 第 252 行.
NOTIC: [8] ob_flush() [<a href='ref.outcontrol'>ref.outcontrol</a>]: failed to flush buffer. No buffer to flush. D:\PHPweb\SScms\install\Lib\Action\indexAction.class.php 第 252 行.
NOTIC: [8] ob_flush() [<a href='ref.outcontrol'>ref.outcontrol</a>]: failed to flush buffer. No buffer to flush. D:\PHPweb\SScms\install\Lib\Action\indexAction.class.php 第 252 行.
NOTIC: [8] ob_flush() [<a href='ref.outcontrol'>ref.outcontrol</a>]: failed to flush buffer. No buffer to flush. D:\PHPweb\SScms\install\Lib\Action\indexAction.class.php 第 252 行.
NOTIC: [8] ob_flush() [<a href='ref.outcontrol'>ref.outcontrol</a>]: failed to flush buffer. No buffer to flush. D:\PHPweb\SScms\install\Lib\Action\indexAction.class.php 第 252 行.
NOTIC: [8] ob_flush() [<a href='ref.outcontrol'>ref.outcontrol</a>]: failed to flush buffer. No buffer to flush. D:\PHPweb\SScms\install\Lib\Action\indexAction.class.php 第 252 行.
NOTIC: [8] ob_flush() [<a href='ref.outcontrol'>ref.outcontrol</a>]: failed to flush buffer. No buffer to flush. D:\PHPweb\SScms\install\Lib\Action\indexAction.class.php 第 252 行.
NOTIC: [8] ob_flush() [<a href='ref.outcontrol'>ref.outcontrol</a>]: failed to flush buffer. No buffer to flush. D:\PHPweb\SScms\install\Lib\Action\indexAction.class.php 第 252 行.
NOTIC: [8] ob_flush() [<a href='ref.outcontrol'>ref.outcontrol</a>]: failed to flush buffer. No buffer to flush. D:\PHPweb\SScms\install\Lib\Action\indexAction.class.php 第 252 行.
NOTIC: [8] ob_flush() [<a href='ref.outcontrol'>ref.outcontrol</a>]: failed to flush buffer. No buffer to flush. D:\PHPweb\SScms\install\Lib\Action\indexAction.class.php 第 252 行.
NOTIC: [8] ob_flush() [<a href='ref.outcontrol'>ref.outcontrol</a>]: failed to flush buffer. No buffer to flush. D:\PHPweb\SScms\install\Lib\Action\indexAction.class.php 第 252 行.
NOTIC: [8] ob_flush() [<a href='ref.outcontrol'>ref.outcontrol</a>]: failed to flush buffer. No buffer to flush. D:\PHPweb\SScms\install\Lib\Action\indexAction.class.php 第 252 行.
NOTIC: [8] ob_flush() [<a href='ref.outcontrol'>ref.outcontrol</a>]: failed to flush buffer. No buffer to flush. D:\PHPweb\SScms\install\Lib\Action\indexAction.class.php 第 252 行.
NOTIC: [8] ob_flush() [<a href='ref.outcontrol'>ref.outcontrol</a>]: failed to flush buffer. No buffer to flush. D:\PHPweb\SScms\install\Lib\Action\indexAction.class.php 第 252 行.
NOTIC: [8] ob_flush() [<a href='ref.outcontrol'>ref.outcontrol</a>]: failed to flush buffer. No buffer to flush. D:\PHPweb\SScms\install\Lib\Action\indexAction.class.php 第 252 行.
NOTIC: [8] ob_flush() [<a href='ref.outcontrol'>ref.outcontrol</a>]: failed to flush buffer. No buffer to flush. D:\PHPweb\SScms\install\Lib\Action\indexAction.class.php 第 252 行.
NOTIC: [8] ob_flush() [<a href='ref.outcontrol'>ref.outcontrol</a>]: failed to flush buffer. No buffer to flush. D:\PHPweb\SScms\install\Lib\Action\indexAction.class.php 第 252 行.
NOTIC: [8] ob_flush() [<a href='ref.outcontrol'>ref.outcontrol</a>]: failed to flush buffer. No buffer to flush. D:\PHPweb\SScms\install\Lib\Action\indexAction.class.php 第 252 行.
NOTIC: [8] ob_flush() [<a href='ref.outcontrol'>ref.outcontrol</a>]: failed to flush buffer. No buffer to flush. D:\PHPweb\SScms\install\Lib\Action\indexAction.class.php 第 252 行.
NOTIC: [8] ob_flush() [<a href='ref.outcontrol'>ref.outcontrol</a>]: failed to flush buffer. No buffer to flush. D:\PHPweb\SScms\install\Lib\Action\indexAction.class.php 第 252 行.
NOTIC: [8] ob_flush() [<a href='ref.outcontrol'>ref.outcontrol</a>]: failed to flush buffer. No buffer to flush. D:\PHPweb\SScms\install\Lib\Action\indexAction.class.php 第 252 行.
NOTIC: [8] ob_flush() [<a href='ref.outcontrol'>ref.outcontrol</a>]: failed to flush buffer. No buffer to flush. D:\PHPweb\SScms\install\Lib\Action\indexAction.class.php 第 252 行.
NOTIC: [8] ob_flush() [<a href='ref.outcontrol'>ref.outcontrol</a>]: failed to flush buffer. No buffer to flush. D:\PHPweb\SScms\install\Lib\Action\indexAction.class.php 第 252 行.
NOTIC: [8] ob_flush() [<a href='ref.outcontrol'>ref.outcontrol</a>]: failed to flush buffer. No buffer to flush. D:\PHPweb\SScms\install\Lib\Action\indexAction.class.php 第 252 行.
NOTIC: [8] ob_flush() [<a href='ref.outcontrol'>ref.outcontrol</a>]: failed to flush buffer. No buffer to flush. D:\PHPweb\SScms\install\Lib\Action\indexAction.class.php 第 252 行.
NOTIC: [8] ob_flush() [<a href='ref.outcontrol'>ref.outcontrol</a>]: failed to flush buffer. No buffer to flush. D:\PHPweb\SScms\install\Lib\Action\indexAction.class.php 第 252 行.
NOTIC: [8] ob_flush() [<a href='ref.outcontrol'>ref.outcontrol</a>]: failed to flush buffer. No buffer to flush. D:\PHPweb\SScms\install\Lib\Action\indexAction.class.php 第 252 行.
NOTIC: [8] ob_flush() [<a href='ref.outcontrol'>ref.outcontrol</a>]: failed to flush buffer. No buffer to flush. D:\PHPweb\SScms\install\Lib\Action\indexAction.class.php 第 252 行.
NOTIC: [8] ob_flush() [<a href='ref.outcontrol'>ref.outcontrol</a>]: failed to flush buffer. No buffer to flush. D:\PHPweb\SScms\install\Lib\Action\indexAction.class.php 第 252 行.
NOTIC: [8] ob_flush() [<a href='ref.outcontrol'>ref.outcontrol</a>]: failed to flush buffer. No buffer to flush. D:\PHPweb\SScms\install\Lib\Action\indexAction.class.php 第 252 行.
NOTIC: [8] ob_flush() [<a href='ref.outcontrol'>ref.outcontrol</a>]: failed to flush buffer. No buffer to flush. D:\PHPweb\SScms\install\Lib\Action\indexAction.class.php 第 252 行.
NOTIC: [8] ob_flush() [<a href='ref.outcontrol'>ref.outcontrol</a>]: failed to flush buffer. No buffer to flush. D:\PHPweb\SScms\install\Lib\Action\indexAction.class.php 第 252 行.
NOTIC: [8] ob_flush() [<a href='ref.outcontrol'>ref.outcontrol</a>]: failed to flush buffer. No buffer to flush. D:\PHPweb\SScms\install\Lib\Action\indexAction.class.php 第 252 行.
NOTIC: [8] ob_flush() [<a href='ref.outcontrol'>ref.outcontrol</a>]: failed to flush buffer. No buffer to flush. D:\PHPweb\SScms\install\Lib\Action\indexAction.class.php 第 252 行.
NOTIC: [8] ob_flush() [<a href='ref.outcontrol'>ref.outcontrol</a>]: failed to flush buffer. No buffer to flush. D:\PHPweb\SScms\install\Lib\Action\indexAction.class.php 第 252 行.
NOTIC: [8] ob_flush() [<a href='ref.outcontrol'>ref.outcontrol</a>]: failed to flush buffer. No buffer to flush. D:\PHPweb\SScms\install\Lib\Action\indexAction.class.php 第 252 行.
NOTIC: [8] ob_flush() [<a href='ref.outcontrol'>ref.outcontrol</a>]: failed to flush buffer. No buffer to flush. D:\PHPweb\SScms\install\Lib\Action\indexAction.class.php 第 252 行.
NOTIC: [8] ob_flush() [<a href='ref.outcontrol'>ref.outcontrol</a>]: failed to flush buffer. No buffer to flush. D:\PHPweb\SScms\install\Lib\Action\indexAction.class.php 第 252 行.
NOTIC: [8] ob_flush() [<a href='ref.outcontrol'>ref.outcontrol</a>]: failed to flush buffer. No buffer to flush. D:\PHPweb\SScms\install\Lib\Action\indexAction.class.php 第 252 行.
NOTIC: [8] ob_flush() [<a href='ref.outcontrol'>ref.outcontrol</a>]: failed to flush buffer. No buffer to flush. D:\PHPweb\SScms\install\Lib\Action\indexAction.class.php 第 252 行.
NOTIC: [8] ob_flush() [<a href='ref.outcontrol'>ref.outcontrol</a>]: failed to flush buffer. No buffer to flush. D:\PHPweb\SScms\install\Lib\Action\indexAction.class.php 第 252 行.
NOTIC: [8] ob_flush() [<a href='ref.outcontrol'>ref.outcontrol</a>]: failed to flush buffer. No buffer to flush. D:\PHPweb\SScms\install\Lib\Action\indexAction.class.php 第 252 行.

[ 2013-05-06T18:23:05+08:00 ] 24.169.201.84 /SScms/install.php?m=index&a=finish
INFO: [ app_begin ] --START--
INFO: Run ReadHtmlCache Behavior [ RunTime:0.000298s ]
INFO: [ app_begin ] --END-- [ RunTime:0.000397s ]
INFO: [ view_template ] --START--
INFO: Run LocationTemplate Behavior [ RunTime:0.000672s ]
INFO: [ view_template ] --END-- [ RunTime:0.000818s ]
INFO: [ view_parse ] --START--
INFO: Run ParseTemplate Behavior [ RunTime:0.018448s ]
INFO: [ view_parse ] --END-- [ RunTime:0.018576s ]
INFO: [ view_filter ] --START--
INFO: Run ContentReplace Behavior [ RunTime:0.000381s ]
INFO: Run TokenBuild Behavior [ RunTime:0.000257s ]
INFO: Run WriteHtmlCache Behavior [ RunTime:0.000194s ]
INFO: Run ShowRuntime Behavior [ RunTime:0.000308s ]
INFO: [ view_filter ] --END-- [ RunTime:0.001336s ]
NOTIC: [2] Cannot modify header information - headers already sent by (output started at D:\PHPweb\SScms\install\Lang\common.php:1) D:\PHPweb\SScms\include\Lib\Core\View.class.php 第 88 行.
NOTIC: [2] Cannot modify header information - headers already sent by (output started at D:\PHPweb\SScms\install\Lang\common.php:1) D:\PHPweb\SScms\include\Lib\Core\View.class.php 第 89 行.
NOTIC: [2] Cannot modify header information - headers already sent by (output started at D:\PHPweb\SScms\install\Lang\common.php:1) D:\PHPweb\SScms\include\Lib\Core\View.class.php 第 90 行.
INFO: [ view_end ] --START--
INFO: Run ShowPageTrace Behavior [ RunTime:0.000267s ]
INFO: [ view_end ] --END-- [ RunTime:0.000339s ]

[ 2013-05-06T18:26:39+08:00 ] 24.169.201.84 /SScms/install.php
INFO: [ app_begin ] --START--
INFO: Run ReadHtmlCache Behavior [ RunTime:0.000668s ]
INFO: [ app_begin ] --END-- [ RunTime:0.000762s ]
INFO: [ view_template ] --START--
INFO: Run LocationTemplate Behavior [ RunTime:0.001217s ]
INFO: [ view_template ] --END-- [ RunTime:0.001312s ]
INFO: [ view_parse ] --START--
INFO: Run ParseTemplate Behavior [ RunTime:0.014812s ]
INFO: [ view_parse ] --END-- [ RunTime:0.014933s ]
INFO: [ view_filter ] --START--
INFO: Run ContentReplace Behavior [ RunTime:0.000789s ]
INFO: Run TokenBuild Behavior [ RunTime:0.000638s ]
INFO: Run WriteHtmlCache Behavior [ RunTime:0.000571s ]
INFO: Run ShowRuntime Behavior [ RunTime:0.000689s ]
INFO: [ view_filter ] --END-- [ RunTime:0.002887s ]
NOTIC: [2] Cannot modify header information - headers already sent by (output started at D:\PHPweb\SScms\install\Lang\common.php:1) D:\PHPweb\SScms\include\Lib\Core\View.class.php 第 88 行.
NOTIC: [2] Cannot modify header information - headers already sent by (output started at D:\PHPweb\SScms\install\Lang\common.php:1) D:\PHPweb\SScms\include\Lib\Core\View.class.php 第 89 行.
NOTIC: [2] Cannot modify header information - headers already sent by (output started at D:\PHPweb\SScms\install\Lang\common.php:1) D:\PHPweb\SScms\include\Lib\Core\View.class.php 第 90 行.
INFO: [ view_end ] --START--
INFO: Run ShowPageTrace Behavior [ RunTime:0.000641s ]
INFO: [ view_end ] --END-- [ RunTime:0.000712s ]

[ 2013-05-06T18:26:40+08:00 ] 24.169.201.84 /SScms/install.php?m=index&a=setconf
INFO: [ app_begin ] --START--
INFO: Run ReadHtmlCache Behavior [ RunTime:0.001139s ]
INFO: [ app_begin ] --END-- [ RunTime:0.001241s ]
INFO: [ view_template ] --START--
INFO: Run LocationTemplate Behavior [ RunTime:0.001579s ]
INFO: [ view_template ] --END-- [ RunTime:0.001663s ]
INFO: [ view_parse ] --START--
INFO: Run ParseTemplate Behavior [ RunTime:0.031837s ]
INFO: [ view_parse ] --END-- [ RunTime:0.031957s ]
INFO: [ view_filter ] --START--
INFO: Run ContentReplace Behavior [ RunTime:0.001131s ]
INFO: Run TokenBuild Behavior [ RunTime:0.000997s ]
INFO: Run WriteHtmlCache Behavior [ RunTime:0.001033s ]
INFO: Run ShowRuntime Behavior [ RunTime:0.001108s ]
INFO: [ view_filter ] --END-- [ RunTime:0.004479s ]
NOTIC: [2] Cannot modify header information - headers already sent by (output started at D:\PHPweb\SScms\install\Lang\common.php:1) D:\PHPweb\SScms\include\Lib\Core\View.class.php 第 88 行.
NOTIC: [2] Cannot modify header information - headers already sent by (output started at D:\PHPweb\SScms\install\Lang\common.php:1) D:\PHPweb\SScms\include\Lib\Core\View.class.php 第 89 行.
NOTIC: [2] Cannot modify header information - headers already sent by (output started at D:\PHPweb\SScms\install\Lang\common.php:1) D:\PHPweb\SScms\include\Lib\Core\View.class.php 第 90 行.
INFO: [ view_end ] --START--
INFO: Run ShowPageTrace Behavior [ RunTime:0.000645s ]
INFO: [ view_end ] --END-- [ RunTime:0.000718s ]

[ 2013-05-06T18:26:48+08:00 ] 24.169.201.84 /SScms/install.php?m=index&a=install
INFO: [ app_begin ] --START--
INFO: Run ReadHtmlCache Behavior [ RunTime:0.000331s ]
INFO: [ app_begin ] --END-- [ RunTime:0.000431s ]
INFO: [ view_template ] --START--
INFO: Run LocationTemplate Behavior [ RunTime:0.001036s ]
INFO: [ view_template ] --END-- [ RunTime:0.001119s ]
INFO: [ view_parse ] --START--
INFO: Run ParseTemplate Behavior [ RunTime:0.014215s ]
INFO: [ view_parse ] --END-- [ RunTime:0.014337s ]
INFO: [ view_filter ] --START--
INFO: Run ContentReplace Behavior [ RunTime:0.000759s ]
INFO: Run TokenBuild Behavior [ RunTime:0.000697s ]
INFO: Run WriteHtmlCache Behavior [ RunTime:0.000572s ]
INFO: Run ShowRuntime Behavior [ RunTime:0.000685s ]
INFO: [ view_filter ] --END-- [ RunTime:0.002913s ]
NOTIC: [2] Cannot modify header information - headers already sent by (output started at D:\PHPweb\SScms\install\Lang\common.php:1) D:\PHPweb\SScms\include\Lib\Core\View.class.php 第 88 行.
NOTIC: [2] Cannot modify header information - headers already sent by (output started at D:\PHPweb\SScms\install\Lang\common.php:1) D:\PHPweb\SScms\include\Lib\Core\View.class.php 第 89 行.
NOTIC: [2] Cannot modify header information - headers already sent by (output started at D:\PHPweb\SScms\install\Lang\common.php:1) D:\PHPweb\SScms\include\Lib\Core\View.class.php 第 90 行.
INFO: [ view_end ] --START--
INFO: Run ShowPageTrace Behavior [ RunTime:0.000640s ]
INFO: [ view_end ] --END-- [ RunTime:0.000712s ]

[ 2013-05-06T18:26:50+08:00 ] 24.169.201.84 /SScms/install.php?m=index&a=finish_done
INFO: [ app_begin ] --START--
INFO: Run ReadHtmlCache Behavior [ RunTime:0.001728s ]
INFO: [ app_begin ] --END-- [ RunTime:0.001852s ]
NOTIC: [2] Cannot modify header information - headers already sent by (output started at D:\PHPweb\SScms\install\Lang\common.php:1) D:\PHPweb\SScms\install\Lib\Action\indexAction.class.php 第 177 行.
NOTIC: [8] ob_flush() [<a href='ref.outcontrol'>ref.outcontrol</a>]: failed to flush buffer. No buffer to flush. D:\PHPweb\SScms\install\Lib\Action\indexAction.class.php 第 252 行.
NOTIC: [8] ob_flush() [<a href='ref.outcontrol'>ref.outcontrol</a>]: failed to flush buffer. No buffer to flush. D:\PHPweb\SScms\install\Lib\Action\indexAction.class.php 第 252 行.
NOTIC: [8] ob_flush() [<a href='ref.outcontrol'>ref.outcontrol</a>]: failed to flush buffer. No buffer to flush. D:\PHPweb\SScms\install\Lib\Action\indexAction.class.php 第 252 行.
NOTIC: [8] ob_flush() [<a href='ref.outcontrol'>ref.outcontrol</a>]: failed to flush buffer. No buffer to flush. D:\PHPweb\SScms\install\Lib\Action\indexAction.class.php 第 252 行.
NOTIC: [8] ob_flush() [<a href='ref.outcontrol'>ref.outcontrol</a>]: failed to flush buffer. No buffer to flush. D:\PHPweb\SScms\install\Lib\Action\indexAction.class.php 第 252 行.
NOTIC: [8] ob_flush() [<a href='ref.outcontrol'>ref.outcontrol</a>]: failed to flush buffer. No buffer to flush. D:\PHPweb\SScms\install\Lib\Action\indexAction.class.php 第 252 行.
NOTIC: [8] ob_flush() [<a href='ref.outcontrol'>ref.outcontrol</a>]: failed to flush buffer. No buffer to flush. D:\PHPweb\SScms\install\Lib\Action\indexAction.class.php 第 252 行.
NOTIC: [8] ob_flush() [<a href='ref.outcontrol'>ref.outcontrol</a>]: failed to flush buffer. No buffer to flush. D:\PHPweb\SScms\install\Lib\Action\indexAction.class.php 第 252 行.
NOTIC: [8] ob_flush() [<a href='ref.outcontrol'>ref.outcontrol</a>]: failed to flush buffer. No buffer to flush. D:\PHPweb\SScms\install\Lib\Action\indexAction.class.php 第 252 行.
NOTIC: [8] ob_flush() [<a href='ref.outcontrol'>ref.outcontrol</a>]: failed to flush buffer. No buffer to flush. D:\PHPweb\SScms\install\Lib\Action\indexAction.class.php 第 252 行.
NOTIC: [8] ob_flush() [<a href='ref.outcontrol'>ref.outcontrol</a>]: failed to flush buffer. No buffer to flush. D:\PHPweb\SScms\install\Lib\Action\indexAction.class.php 第 252 行.
NOTIC: [8] ob_flush() [<a href='ref.outcontrol'>ref.outcontrol</a>]: failed to flush buffer. No buffer to flush. D:\PHPweb\SScms\install\Lib\Action\indexAction.class.php 第 252 行.
NOTIC: [8] ob_flush() [<a href='ref.outcontrol'>ref.outcontrol</a>]: failed to flush buffer. No buffer to flush. D:\PHPweb\SScms\install\Lib\Action\indexAction.class.php 第 252 行.
NOTIC: [8] ob_flush() [<a href='ref.outcontrol'>ref.outcontrol</a>]: failed to flush buffer. No buffer to flush. D:\PHPweb\SScms\install\Lib\Action\indexAction.class.php 第 252 行.
NOTIC: [8] ob_flush() [<a href='ref.outcontrol'>ref.outcontrol</a>]: failed to flush buffer. No buffer to flush. D:\PHPweb\SScms\install\Lib\Action\indexAction.class.php 第 252 行.
NOTIC: [8] ob_flush() [<a href='ref.outcontrol'>ref.outcontrol</a>]: failed to flush buffer. No buffer to flush. D:\PHPweb\SScms\install\Lib\Action\indexAction.class.php 第 252 行.
NOTIC: [8] ob_flush() [<a href='ref.outcontrol'>ref.outcontrol</a>]: failed to flush buffer. No buffer to flush. D:\PHPweb\SScms\install\Lib\Action\indexAction.class.php 第 252 行.
NOTIC: [8] ob_flush() [<a href='ref.outcontrol'>ref.outcontrol</a>]: failed to flush buffer. No buffer to flush. D:\PHPweb\SScms\install\Lib\Action\indexAction.class.php 第 252 行.
NOTIC: [8] ob_flush() [<a href='ref.outcontrol'>ref.outcontrol</a>]: failed to flush buffer. No buffer to flush. D:\PHPweb\SScms\install\Lib\Action\indexAction.class.php 第 252 行.
NOTIC: [8] ob_flush() [<a href='ref.outcontrol'>ref.outcontrol</a>]: failed to flush buffer. No buffer to flush. D:\PHPweb\SScms\install\Lib\Action\indexAction.class.php 第 252 行.
NOTIC: [8] ob_flush() [<a href='ref.outcontrol'>ref.outcontrol</a>]: failed to flush buffer. No buffer to flush. D:\PHPweb\SScms\install\Lib\Action\indexAction.class.php 第 252 行.
NOTIC: [8] ob_flush() [<a href='ref.outcontrol'>ref.outcontrol</a>]: failed to flush buffer. No buffer to flush. D:\PHPweb\SScms\install\Lib\Action\indexAction.class.php 第 252 行.
NOTIC: [8] ob_flush() [<a href='ref.outcontrol'>ref.outcontrol</a>]: failed to flush buffer. No buffer to flush. D:\PHPweb\SScms\install\Lib\Action\indexAction.class.php 第 252 行.
NOTIC: [8] ob_flush() [<a href='ref.outcontrol'>ref.outcontrol</a>]: failed to flush buffer. No buffer to flush. D:\PHPweb\SScms\install\Lib\Action\indexAction.class.php 第 252 行.
NOTIC: [8] ob_flush() [<a href='ref.outcontrol'>ref.outcontrol</a>]: failed to flush buffer. No buffer to flush. D:\PHPweb\SScms\install\Lib\Action\indexAction.class.php 第 252 行.
NOTIC: [8] ob_flush() [<a href='ref.outcontrol'>ref.outcontrol</a>]: failed to flush buffer. No buffer to flush. D:\PHPweb\SScms\install\Lib\Action\indexAction.class.php 第 252 行.
NOTIC: [8] ob_flush() [<a href='ref.outcontrol'>ref.outcontrol</a>]: failed to flush buffer. No buffer to flush. D:\PHPweb\SScms\install\Lib\Action\indexAction.class.php 第 252 行.
NOTIC: [8] ob_flush() [<a href='ref.outcontrol'>ref.outcontrol</a>]: failed to flush buffer. No buffer to flush. D:\PHPweb\SScms\install\Lib\Action\indexAction.class.php 第 252 行.
NOTIC: [8] ob_flush() [<a href='ref.outcontrol'>ref.outcontrol</a>]: failed to flush buffer. No buffer to flush. D:\PHPweb\SScms\install\Lib\Action\indexAction.class.php 第 252 行.
NOTIC: [8] ob_flush() [<a href='ref.outcontrol'>ref.outcontrol</a>]: failed to flush buffer. No buffer to flush. D:\PHPweb\SScms\install\Lib\Action\indexAction.class.php 第 252 行.
NOTIC: [8] ob_flush() [<a href='ref.outcontrol'>ref.outcontrol</a>]: failed to flush buffer. No buffer to flush. D:\PHPweb\SScms\install\Lib\Action\indexAction.class.php 第 252 行.
NOTIC: [8] ob_flush() [<a href='ref.outcontrol'>ref.outcontrol</a>]: failed to flush buffer. No buffer to flush. D:\PHPweb\SScms\install\Lib\Action\indexAction.class.php 第 252 行.
NOTIC: [8] ob_flush() [<a href='ref.outcontrol'>ref.outcontrol</a>]: failed to flush buffer. No buffer to flush. D:\PHPweb\SScms\install\Lib\Action\indexAction.class.php 第 252 行.
NOTIC: [8] ob_flush() [<a href='ref.outcontrol'>ref.outcontrol</a>]: failed to flush buffer. No buffer to flush. D:\PHPweb\SScms\install\Lib\Action\indexAction.class.php 第 252 行.
NOTIC: [8] ob_flush() [<a href='ref.outcontrol'>ref.outcontrol</a>]: failed to flush buffer. No buffer to flush. D:\PHPweb\SScms\install\Lib\Action\indexAction.class.php 第 252 行.
NOTIC: [8] ob_flush() [<a href='ref.outcontrol'>ref.outcontrol</a>]: failed to flush buffer. No buffer to flush. D:\PHPweb\SScms\install\Lib\Action\indexAction.class.php 第 252 行.
NOTIC: [8] ob_flush() [<a href='ref.outcontrol'>ref.outcontrol</a>]: failed to flush buffer. No buffer to flush. D:\PHPweb\SScms\install\Lib\Action\indexAction.class.php 第 252 行.
NOTIC: [8] ob_flush() [<a href='ref.outcontrol'>ref.outcontrol</a>]: failed to flush buffer. No buffer to flush. D:\PHPweb\SScms\install\Lib\Action\indexAction.class.php 第 252 行.
NOTIC: [8] ob_flush() [<a href='ref.outcontrol'>ref.outcontrol</a>]: failed to flush buffer. No buffer to flush. D:\PHPweb\SScms\install\Lib\Action\indexAction.class.php 第 252 行.
NOTIC: [8] ob_flush() [<a href='ref.outcontrol'>ref.outcontrol</a>]: failed to flush buffer. No buffer to flush. D:\PHPweb\SScms\install\Lib\Action\indexAction.class.php 第 252 行.
NOTIC: [8] ob_flush() [<a href='ref.outcontrol'>ref.outcontrol</a>]: failed to flush buffer. No buffer to flush. D:\PHPweb\SScms\install\Lib\Action\indexAction.class.php 第 252 行.
NOTIC: [8] ob_flush() [<a href='ref.outcontrol'>ref.outcontrol</a>]: failed to flush buffer. No buffer to flush. D:\PHPweb\SScms\install\Lib\Action\indexAction.class.php 第 252 行.
NOTIC: [8] ob_flush() [<a href='ref.outcontrol'>ref.outcontrol</a>]: failed to flush buffer. No buffer to flush. D:\PHPweb\SScms\install\Lib\Action\indexAction.class.php 第 252 行.

[ 2013-05-06T18:26:51+08:00 ] 24.169.201.84 /SScms/install.php?m=index&a=finish
INFO: [ app_begin ] --START--
INFO: Run ReadHtmlCache Behavior [ RunTime:0.000296s ]
INFO: [ app_begin ] --END-- [ RunTime:0.000392s ]
INFO: [ view_template ] --START--
INFO: Run LocationTemplate Behavior [ RunTime:0.000667s ]
INFO: [ view_template ] --END-- [ RunTime:0.000756s ]
INFO: [ view_parse ] --START--
INFO: Run ParseTemplate Behavior [ RunTime:0.011480s ]
INFO: [ view_parse ] --END-- [ RunTime:0.011683s ]
INFO: [ view_filter ] --START--
INFO: Run ContentReplace Behavior [ RunTime:0.000466s ]
INFO: Run TokenBuild Behavior [ RunTime:0.000260s ]
INFO: Run WriteHtmlCache Behavior [ RunTime:0.000196s ]
INFO: Run ShowRuntime Behavior [ RunTime:0.000307s ]
INFO: [ view_filter ] --END-- [ RunTime:0.001428s ]
NOTIC: [2] Cannot modify header information - headers already sent by (output started at D:\PHPweb\SScms\install\Lang\common.php:1) D:\PHPweb\SScms\include\Lib\Core\View.class.php 第 88 行.
NOTIC: [2] Cannot modify header information - headers already sent by (output started at D:\PHPweb\SScms\install\Lang\common.php:1) D:\PHPweb\SScms\include\Lib\Core\View.class.php 第 89 行.
NOTIC: [2] Cannot modify header information - headers already sent by (output started at D:\PHPweb\SScms\install\Lang\common.php:1) D:\PHPweb\SScms\include\Lib\Core\View.class.php 第 90 行.
INFO: [ view_end ] --START--
INFO: Run ShowPageTrace Behavior [ RunTime:0.000261s ]
INFO: [ view_end ] --END-- [ RunTime:0.000331s ]

[ 2013-05-06T18:28:35+08:00 ] 24.169.201.84 /SScms/install.php
INFO: [ app_begin ] --START--
INFO: Run ReadHtmlCache Behavior [ RunTime:0.000300s ]
INFO: [ app_begin ] --END-- [ RunTime:0.000396s ]
INFO: [ view_template ] --START--
INFO: Run LocationTemplate Behavior [ RunTime:0.000682s ]
INFO: [ view_template ] --END-- [ RunTime:0.000764s ]
INFO: [ view_parse ] --START--
INFO: Run ParseTemplate Behavior [ RunTime:0.025084s ]
INFO: [ view_parse ] --END-- [ RunTime:0.025193s ]
INFO: [ view_filter ] --START--
INFO: Run ContentReplace Behavior [ RunTime:0.000391s ]
INFO: Run TokenBuild Behavior [ RunTime:0.000268s ]
INFO: Run WriteHtmlCache Behavior [ RunTime:0.000201s ]
INFO: Run ShowRuntime Behavior [ RunTime:0.000318s ]
INFO: [ view_filter ] --END-- [ RunTime:0.001379s ]
NOTIC: [2] Cannot modify header information - headers already sent by (output started at D:\PHPweb\SScms\install\Lang\common.php:1) D:\PHPweb\SScms\include\Lib\Core\View.class.php 第 88 行.
NOTIC: [2] Cannot modify header information - headers already sent by (output started at D:\PHPweb\SScms\install\Lang\common.php:1) D:\PHPweb\SScms\include\Lib\Core\View.class.php 第 89 行.
NOTIC: [2] Cannot modify header information - headers already sent by (output started at D:\PHPweb\SScms\install\Lang\common.php:1) D:\PHPweb\SScms\include\Lib\Core\View.class.php 第 90 行.
INFO: [ view_end ] --START--
INFO: Run ShowPageTrace Behavior [ RunTime:0.000271s ]
INFO: [ view_end ] --END-- [ RunTime:0.000342s ]

[ 2013-05-06T18:28:37+08:00 ] 24.169.201.84 /SScms/install.php?m=index&a=setconf
INFO: [ app_begin ] --START--
INFO: Run ReadHtmlCache Behavior [ RunTime:0.000500s ]
INFO: [ app_begin ] --END-- [ RunTime:0.000606s ]
INFO: [ view_template ] --START--
INFO: Run LocationTemplate Behavior [ RunTime:0.001195s ]
INFO: [ view_template ] --END-- [ RunTime:0.001295s ]
INFO: [ view_parse ] --START--
INFO: Run ParseTemplate Behavior [ RunTime:0.018146s ]
INFO: [ view_parse ] --END-- [ RunTime:0.018254s ]
INFO: [ view_filter ] --START--
INFO: Run ContentReplace Behavior [ RunTime:0.000808s ]
INFO: Run TokenBuild Behavior [ RunTime:0.000690s ]
INFO: Run WriteHtmlCache Behavior [ RunTime:0.000596s ]
INFO: Run ShowRuntime Behavior [ RunTime:0.001206s ]
INFO: [ view_filter ] --END-- [ RunTime:0.003507s ]
NOTIC: [2] Cannot modify header information - headers already sent by (output started at D:\PHPweb\SScms\install\Lang\common.php:1) D:\PHPweb\SScms\include\Lib\Core\View.class.php 第 88 行.
NOTIC: [2] Cannot modify header information - headers already sent by (output started at D:\PHPweb\SScms\install\Lang\common.php:1) D:\PHPweb\SScms\include\Lib\Core\View.class.php 第 89 行.
NOTIC: [2] Cannot modify header information - headers already sent by (output started at D:\PHPweb\SScms\install\Lang\common.php:1) D:\PHPweb\SScms\include\Lib\Core\View.class.php 第 90 行.
INFO: [ view_end ] --START--
INFO: Run ShowPageTrace Behavior [ RunTime:0.000674s ]
INFO: [ view_end ] --END-- [ RunTime:0.000747s ]

[ 2013-05-06T18:28:42+08:00 ] 24.169.201.84 /SScms/install.php?m=index&a=install
INFO: [ app_begin ] --START--
INFO: Run ReadHtmlCache Behavior [ RunTime:0.000349s ]
INFO: [ app_begin ] --END-- [ RunTime:0.000461s ]
INFO: [ view_template ] --START--
INFO: Run LocationTemplate Behavior [ RunTime:0.000717s ]
INFO: [ view_template ] --END-- [ RunTime:0.000851s ]
INFO: [ view_parse ] --START--
INFO: Run ParseTemplate Behavior [ RunTime:0.024135s ]
INFO: [ view_parse ] --END-- [ RunTime:0.024243s ]
INFO: [ view_filter ] --START--
INFO: Run ContentReplace Behavior [ RunTime:0.000372s ]
INFO: Run TokenBuild Behavior [ RunTime:0.000264s ]
INFO: Run WriteHtmlCache Behavior [ RunTime:0.000202s ]
INFO: Run ShowRuntime Behavior [ RunTime:0.000954s ]
INFO: [ view_filter ] --END-- [ RunTime:0.001991s ]
NOTIC: [2] Cannot modify header information - headers already sent by (output started at D:\PHPweb\SScms\install\Lang\common.php:1) D:\PHPweb\SScms\include\Lib\Core\View.class.php 第 88 行.
NOTIC: [2] Cannot modify header information - headers already sent by (output started at D:\PHPweb\SScms\install\Lang\common.php:1) D:\PHPweb\SScms\include\Lib\Core\View.class.php 第 89 行.
NOTIC: [2] Cannot modify header information - headers already sent by (output started at D:\PHPweb\SScms\install\Lang\common.php:1) D:\PHPweb\SScms\include\Lib\Core\View.class.php 第 90 行.
INFO: [ view_end ] --START--
INFO: Run ShowPageTrace Behavior [ RunTime:0.000267s ]
INFO: [ view_end ] --END-- [ RunTime:0.000339s ]

[ 2013-05-06T18:28:44+08:00 ] 24.169.201.84 /SScms/install.php?m=index&a=finish_done
INFO: [ app_begin ] --START--
INFO: Run ReadHtmlCache Behavior [ RunTime:0.000301s ]
INFO: [ app_begin ] --END-- [ RunTime:0.000402s ]
NOTIC: [2] Cannot modify header information - headers already sent by (output started at D:\PHPweb\SScms\install\Lang\common.php:1) D:\PHPweb\SScms\install\Lib\Action\indexAction.class.php 第 177 行.
NOTIC: [8] ob_flush() [<a href='ref.outcontrol'>ref.outcontrol</a>]: failed to flush buffer. No buffer to flush. D:\PHPweb\SScms\install\Lib\Action\indexAction.class.php 第 252 行.
NOTIC: [8] ob_flush() [<a href='ref.outcontrol'>ref.outcontrol</a>]: failed to flush buffer. No buffer to flush. D:\PHPweb\SScms\install\Lib\Action\indexAction.class.php 第 252 行.
NOTIC: [8] ob_flush() [<a href='ref.outcontrol'>ref.outcontrol</a>]: failed to flush buffer. No buffer to flush. D:\PHPweb\SScms\install\Lib\Action\indexAction.class.php 第 252 行.
NOTIC: [8] ob_flush() [<a href='ref.outcontrol'>ref.outcontrol</a>]: failed to flush buffer. No buffer to flush. D:\PHPweb\SScms\install\Lib\Action\indexAction.class.php 第 252 行.
NOTIC: [8] ob_flush() [<a href='ref.outcontrol'>ref.outcontrol</a>]: failed to flush buffer. No buffer to flush. D:\PHPweb\SScms\install\Lib\Action\indexAction.class.php 第 252 行.
NOTIC: [8] ob_flush() [<a href='ref.outcontrol'>ref.outcontrol</a>]: failed to flush buffer. No buffer to flush. D:\PHPweb\SScms\install\Lib\Action\indexAction.class.php 第 252 行.
NOTIC: [8] ob_flush() [<a href='ref.outcontrol'>ref.outcontrol</a>]: failed to flush buffer. No buffer to flush. D:\PHPweb\SScms\install\Lib\Action\indexAction.class.php 第 252 行.
NOTIC: [8] ob_flush() [<a href='ref.outcontrol'>ref.outcontrol</a>]: failed to flush buffer. No buffer to flush. D:\PHPweb\SScms\install\Lib\Action\indexAction.class.php 第 252 行.
NOTIC: [8] ob_flush() [<a href='ref.outcontrol'>ref.outcontrol</a>]: failed to flush buffer. No buffer to flush. D:\PHPweb\SScms\install\Lib\Action\indexAction.class.php 第 252 行.
NOTIC: [8] ob_flush() [<a href='ref.outcontrol'>ref.outcontrol</a>]: failed to flush buffer. No buffer to flush. D:\PHPweb\SScms\install\Lib\Action\indexAction.class.php 第 252 行.
NOTIC: [8] ob_flush() [<a href='ref.outcontrol'>ref.outcontrol</a>]: failed to flush buffer. No buffer to flush. D:\PHPweb\SScms\install\Lib\Action\indexAction.class.php 第 252 行.
NOTIC: [8] ob_flush() [<a href='ref.outcontrol'>ref.outcontrol</a>]: failed to flush buffer. No buffer to flush. D:\PHPweb\SScms\install\Lib\Action\indexAction.class.php 第 252 行.
NOTIC: [8] ob_flush() [<a href='ref.outcontrol'>ref.outcontrol</a>]: failed to flush buffer. No buffer to flush. D:\PHPweb\SScms\install\Lib\Action\indexAction.class.php 第 252 行.
NOTIC: [8] ob_flush() [<a href='ref.outcontrol'>ref.outcontrol</a>]: failed to flush buffer. No buffer to flush. D:\PHPweb\SScms\install\Lib\Action\indexAction.class.php 第 252 行.
NOTIC: [8] ob_flush() [<a href='ref.outcontrol'>ref.outcontrol</a>]: failed to flush buffer. No buffer to flush. D:\PHPweb\SScms\install\Lib\Action\indexAction.class.php 第 252 行.
NOTIC: [8] ob_flush() [<a href='ref.outcontrol'>ref.outcontrol</a>]: failed to flush buffer. No buffer to flush. D:\PHPweb\SScms\install\Lib\Action\indexAction.class.php 第 252 行.
NOTIC: [8] ob_flush() [<a href='ref.outcontrol'>ref.outcontrol</a>]: failed to flush buffer. No buffer to flush. D:\PHPweb\SScms\install\Lib\Action\indexAction.class.php 第 252 行.
NOTIC: [8] ob_flush() [<a href='ref.outcontrol'>ref.outcontrol</a>]: failed to flush buffer. No buffer to flush. D:\PHPweb\SScms\install\Lib\Action\indexAction.class.php 第 252 行.
NOTIC: [8] ob_flush() [<a href='ref.outcontrol'>ref.outcontrol</a>]: failed to flush buffer. No buffer to flush. D:\PHPweb\SScms\install\Lib\Action\indexAction.class.php 第 252 行.
NOTIC: [8] ob_flush() [<a href='ref.outcontrol'>ref.outcontrol</a>]: failed to flush buffer. No buffer to flush. D:\PHPweb\SScms\install\Lib\Action\indexAction.class.php 第 252 行.
NOTIC: [8] ob_flush() [<a href='ref.outcontrol'>ref.outcontrol</a>]: failed to flush buffer. No buffer to flush. D:\PHPweb\SScms\install\Lib\Action\indexAction.class.php 第 252 行.
NOTIC: [8] ob_flush() [<a href='ref.outcontrol'>ref.outcontrol</a>]: failed to flush buffer. No buffer to flush. D:\PHPweb\SScms\install\Lib\Action\indexAction.class.php 第 252 行.
NOTIC: [8] ob_flush() [<a href='ref.outcontrol'>ref.outcontrol</a>]: failed to flush buffer. No buffer to flush. D:\PHPweb\SScms\install\Lib\Action\indexAction.class.php 第 252 行.
NOTIC: [8] ob_flush() [<a href='ref.outcontrol'>ref.outcontrol</a>]: failed to flush buffer. No buffer to flush. D:\PHPweb\SScms\install\Lib\Action\indexAction.class.php 第 252 行.
NOTIC: [8] ob_flush() [<a href='ref.outcontrol'>ref.outcontrol</a>]: failed to flush buffer. No buffer to flush. D:\PHPweb\SScms\install\Lib\Action\indexAction.class.php 第 252 行.
NOTIC: [8] ob_flush() [<a href='ref.outcontrol'>ref.outcontrol</a>]: failed to flush buffer. No buffer to flush. D:\PHPweb\SScms\install\Lib\Action\indexAction.class.php 第 252 行.
NOTIC: [8] ob_flush() [<a href='ref.outcontrol'>ref.outcontrol</a>]: failed to flush buffer. No buffer to flush. D:\PHPweb\SScms\install\Lib\Action\indexAction.class.php 第 252 行.
NOTIC: [8] ob_flush() [<a href='ref.outcontrol'>ref.outcontrol</a>]: failed to flush buffer. No buffer to flush. D:\PHPweb\SScms\install\Lib\Action\indexAction.class.php 第 252 行.
NOTIC: [8] ob_flush() [<a href='ref.outcontrol'>ref.outcontrol</a>]: failed to flush buffer. No buffer to flush. D:\PHPweb\SScms\install\Lib\Action\indexAction.class.php 第 252 行.
NOTIC: [8] ob_flush() [<a href='ref.outcontrol'>ref.outcontrol</a>]: failed to flush buffer. No buffer to flush. D:\PHPweb\SScms\install\Lib\Action\indexAction.class.php 第 252 行.
NOTIC: [8] ob_flush() [<a href='ref.outcontrol'>ref.outcontrol</a>]: failed to flush buffer. No buffer to flush. D:\PHPweb\SScms\install\Lib\Action\indexAction.class.php 第 252 行.
NOTIC: [8] ob_flush() [<a href='ref.outcontrol'>ref.outcontrol</a>]: failed to flush buffer. No buffer to flush. D:\PHPweb\SScms\install\Lib\Action\indexAction.class.php 第 252 行.
NOTIC: [8] ob_flush() [<a href='ref.outcontrol'>ref.outcontrol</a>]: failed to flush buffer. No buffer to flush. D:\PHPweb\SScms\install\Lib\Action\indexAction.class.php 第 252 行.
NOTIC: [8] ob_flush() [<a href='ref.outcontrol'>ref.outcontrol</a>]: failed to flush buffer. No buffer to flush. D:\PHPweb\SScms\install\Lib\Action\indexAction.class.php 第 252 行.
NOTIC: [8] ob_flush() [<a href='ref.outcontrol'>ref.outcontrol</a>]: failed to flush buffer. No buffer to flush. D:\PHPweb\SScms\install\Lib\Action\indexAction.class.php 第 252 行.
NOTIC: [8] ob_flush() [<a href='ref.outcontrol'>ref.outcontrol</a>]: failed to flush buffer. No buffer to flush. D:\PHPweb\SScms\install\Lib\Action\indexAction.class.php 第 252 行.
NOTIC: [8] ob_flush() [<a href='ref.outcontrol'>ref.outcontrol</a>]: failed to flush buffer. No buffer to flush. D:\PHPweb\SScms\install\Lib\Action\indexAction.class.php 第 252 行.
NOTIC: [8] ob_flush() [<a href='ref.outcontrol'>ref.outcontrol</a>]: failed to flush buffer. No buffer to flush. D:\PHPweb\SScms\install\Lib\Action\indexAction.class.php 第 252 行.
NOTIC: [8] ob_flush() [<a href='ref.outcontrol'>ref.outcontrol</a>]: failed to flush buffer. No buffer to flush. D:\PHPweb\SScms\install\Lib\Action\indexAction.class.php 第 252 行.
NOTIC: [8] ob_flush() [<a href='ref.outcontrol'>ref.outcontrol</a>]: failed to flush buffer. No buffer to flush. D:\PHPweb\SScms\install\Lib\Action\indexAction.class.php 第 252 行.
NOTIC: [8] ob_flush() [<a href='ref.outcontrol'>ref.outcontrol</a>]: failed to flush buffer. No buffer to flush. D:\PHPweb\SScms\install\Lib\Action\indexAction.class.php 第 252 行.
NOTIC: [8] ob_flush() [<a href='ref.outcontrol'>ref.outcontrol</a>]: failed to flush buffer. No buffer to flush. D:\PHPweb\SScms\install\Lib\Action\indexAction.class.php 第 252 行.
NOTIC: [8] ob_flush() [<a href='ref.outcontrol'>ref.outcontrol</a>]: failed to flush buffer. No buffer to flush. D:\PHPweb\SScms\install\Lib\Action\indexAction.class.php 第 252 行.

[ 2013-05-06T18:28:45+08:00 ] 24.169.201.84 /SScms/install.php?m=index&a=finish
INFO: [ app_begin ] --START--
INFO: Run ReadHtmlCache Behavior [ RunTime:0.000305s ]
INFO: [ app_begin ] --END-- [ RunTime:0.000398s ]
INFO: [ view_template ] --START--
INFO: Run LocationTemplate Behavior [ RunTime:0.001169s ]
INFO: [ view_template ] --END-- [ RunTime:0.001262s ]
INFO: [ view_parse ] --START--
INFO: Run ParseTemplate Behavior [ RunTime:0.027446s ]
INFO: [ view_parse ] --END-- [ RunTime:0.027563s ]
INFO: [ view_filter ] --START--
INFO: Run ContentReplace Behavior [ RunTime:0.000829s ]
INFO: Run TokenBuild Behavior [ RunTime:0.000656s ]
INFO: Run WriteHtmlCache Behavior [ RunTime:0.000610s ]
INFO: Run ShowRuntime Behavior [ RunTime:0.000721s ]
INFO: [ view_filter ] --END-- [ RunTime:0.003020s ]
NOTIC: [2] Cannot modify header information - headers already sent by (output started at D:\PHPweb\SScms\install\Lang\common.php:1) D:\PHPweb\SScms\include\Lib\Core\View.class.php 第 88 行.
NOTIC: [2] Cannot modify header information - headers already sent by (output started at D:\PHPweb\SScms\install\Lang\common.php:1) D:\PHPweb\SScms\include\Lib\Core\View.class.php 第 89 行.
NOTIC: [2] Cannot modify header information - headers already sent by (output started at D:\PHPweb\SScms\install\Lang\common.php:1) D:\PHPweb\SScms\include\Lib\Core\View.class.php 第 90 行.
INFO: [ view_end ] --START--
INFO: Run ShowPageTrace Behavior [ RunTime:0.000685s ]
INFO: [ view_end ] --END-- [ RunTime:0.000758s ]

[ 2013-05-06T19:56:31+08:00 ] 24.169.201.84 /mtceo/install.php
INFO: [ app_begin ] --START--
INFO: Run ReadHtmlCache Behavior [ RunTime:0.022152s ]
INFO: [ app_begin ] --END-- [ RunTime:0.022282s ]
NOTIC: [2] session_start() [<a href='function.session-start'>function.session-start</a>]: Cannot send session cache limiter - headers already sent (output started at D:\PHPweb\mtceo\install.php:1) D:\PHPweb\mtceo\mtceo\Common\functions.php 第 552 行.
INFO: [ view_template ] --START--
INFO: Run LocationTemplate Behavior [ RunTime:0.024387s ]
INFO: [ view_template ] --END-- [ RunTime:0.024507s ]
INFO: [ view_parse ] --START--
INFO: Run ParseTemplate Behavior [ RunTime:0.068744s ]
INFO: [ view_parse ] --END-- [ RunTime:0.068852s ]
INFO: [ view_filter ] --START--
INFO: Run ContentReplace Behavior [ RunTime:0.011932s ]
INFO: Run TokenBuild Behavior [ RunTime:0.005716s ]
INFO: Run WriteHtmlCache Behavior [ RunTime:0.005163s ]
INFO: Run ShowRuntime Behavior [ RunTime:0.020093s ]
INFO: [ view_filter ] --END-- [ RunTime:0.043226s ]
NOTIC: [2] Cannot modify header information - headers already sent by (output started at D:\PHPweb\mtceo\install.php:1) D:\PHPweb\mtceo\mtceo\Lib\Core\View.class.php 第 88 行.
NOTIC: [2] Cannot modify header information - headers already sent by (output started at D:\PHPweb\mtceo\install.php:1) D:\PHPweb\mtceo\mtceo\Lib\Core\View.class.php 第 89 行.
NOTIC: [2] Cannot modify header information - headers already sent by (output started at D:\PHPweb\mtceo\install.php:1) D:\PHPweb\mtceo\mtceo\Lib\Core\View.class.php 第 90 行.
INFO: [ view_end ] --START--
INFO: Run ShowPageTrace Behavior [ RunTime:0.006092s ]
INFO: [ view_end ] --END-- [ RunTime:0.006198s ]

