[ 2013-04-08T18:24:37+08:00 ] /SScms/install.php | INFO: Tag[ app_begin ] --START--
[ 2013-04-08T18:24:37+08:00 ] /SScms/install.php | INFO: Run ReadHtmlCache Behavior [ RunTime:0.000260s ]
[ 2013-04-08T18:24:37+08:00 ] /SScms/install.php | INFO: Tag[ app_begin ] --END-- [ RunTime:0.000343s ]
[ 2013-04-08T18:24:37+08:00 ] /SScms/install.php | INFO: Tag[ view_template ] --START--
[ 2013-04-08T18:24:37+08:00 ] /SScms/install.php | INFO: Run LocationTemplate Behavior [ RunTime:0.001529s ]
[ 2013-04-08T18:24:37+08:00 ] /SScms/install.php | INFO: Tag[ view_template ] --END-- [ RunTime:0.001615s ]
[ 2013-04-08T18:24:37+08:00 ] /SScms/install.php | INFO: Tag[ view_parse ] --START--
[ 2013-04-08T18:24:37+08:00 ] /SScms/install.php | INFO: Run ParseTemplate Behavior [ RunTime:0.058039s ]
[ 2013-04-08T18:24:37+08:00 ] /SScms/install.php | INFO: Tag[ view_parse ] --END-- [ RunTime:0.058139s ]
[ 2013-04-08T18:24:37+08:00 ] /SScms/install.php | INFO: Tag[ view_filter ] --START--
[ 2013-04-08T18:24:37+08:00 ] /SScms/install.php | INFO: Run ContentReplace Behavior [ RunTime:0.001092s ]
[ 2013-04-08T18:24:37+08:00 ] /SScms/install.php | INFO: Run TokenBuild Behavior [ RunTime:0.000543s ]
[ 2013-04-08T18:24:37+08:00 ] /SScms/install.php | INFO: Run WriteHtmlCache Behavior [ RunTime:0.000197s ]
[ 2013-04-08T18:24:37+08:00 ] /SScms/install.php | INFO: Run ShowRuntime Behavior [ RunTime:0.000258s ]
[ 2013-04-08T18:24:37+08:00 ] /SScms/install.php | INFO: Tag[ view_filter ] --END-- [ RunTime:0.002256s ]
[ 2013-04-08T18:24:37+08:00 ] /SScms/install.php | NOTIC: [2] Cannot modify header information - headers already sent by (output started at D:\PHP100.COM1\SScms\install\Lang\common.php:1) View.class.php 第 120 行.
[ 2013-04-08T18:24:37+08:00 ] /SScms/install.php | NOTIC: [2] Cannot modify header information - headers already sent by (output started at D:\PHP100.COM1\SScms\install\Lang\common.php:1) View.class.php 第 121 行.
[ 2013-04-08T18:24:37+08:00 ] /SScms/install.php | NOTIC: [2] Cannot modify header information - headers already sent by (output started at D:\PHP100.COM1\SScms\install\Lang\common.php:1) View.class.php 第 122 行.
[ 2013-04-08T18:24:37+08:00 ] /SScms/install.php | INFO: Tag[ view_end ] --START--
[ 2013-04-08T18:24:37+08:00 ] /SScms/install.php | INFO: Run ShowPageTrace Behavior [ RunTime:0.000430s ]
[ 2013-04-08T18:24:37+08:00 ] /SScms/install.php | INFO: Tag[ view_end ] --END-- [ RunTime:0.000487s ]
[ 2013-04-08T18:24:40+08:00 ] /SScms/install.php?a=setconf&m=index | INFO: Tag[ app_begin ] --START--
[ 2013-04-08T18:24:40+08:00 ] /SScms/install.php?a=setconf&m=index | INFO: Run ReadHtmlCache Behavior [ RunTime:0.000253s ]
[ 2013-04-08T18:24:40+08:00 ] /SScms/install.php?a=setconf&m=index | INFO: Tag[ app_begin ] --END-- [ RunTime:0.000332s ]
[ 2013-04-08T18:24:40+08:00 ] /SScms/install.php?a=setconf&m=index | INFO: Tag[ view_template ] --START--
[ 2013-04-08T18:24:40+08:00 ] /SScms/install.php?a=setconf&m=index | INFO: Run LocationTemplate Behavior [ RunTime:0.001864s ]
[ 2013-04-08T18:24:40+08:00 ] /SScms/install.php?a=setconf&m=index | INFO: Tag[ view_template ] --END-- [ RunTime:0.001937s ]
[ 2013-04-08T18:24:40+08:00 ] /SScms/install.php?a=setconf&m=index | INFO: Tag[ view_parse ] --START--
[ 2013-04-08T18:24:40+08:00 ] /SScms/install.php?a=setconf&m=index | INFO: Run ParseTemplate Behavior [ RunTime:0.044463s ]
[ 2013-04-08T18:24:40+08:00 ] /SScms/install.php?a=setconf&m=index | INFO: Tag[ view_parse ] --END-- [ RunTime:0.044557s ]
[ 2013-04-08T18:24:40+08:00 ] /SScms/install.php?a=setconf&m=index | INFO: Tag[ view_filter ] --START--
[ 2013-04-08T18:24:40+08:00 ] /SScms/install.php?a=setconf&m=index | INFO: Run ContentReplace Behavior [ RunTime:0.001499s ]
[ 2013-04-08T18:24:40+08:00 ] /SScms/install.php?a=setconf&m=index | INFO: Run TokenBuild Behavior [ RunTime:0.000592s ]
[ 2013-04-08T18:24:40+08:00 ] /SScms/install.php?a=setconf&m=index | INFO: Run WriteHtmlCache Behavior [ RunTime:0.000197s ]
[ 2013-04-08T18:24:40+08:00 ] /SScms/install.php?a=setconf&m=index | INFO: Run ShowRuntime Behavior [ RunTime:0.000259s ]
[ 2013-04-08T18:24:40+08:00 ] /SScms/install.php?a=setconf&m=index | INFO: Tag[ view_filter ] --END-- [ RunTime:0.002725s ]
[ 2013-04-08T18:24:40+08:00 ] /SScms/install.php?a=setconf&m=index | NOTIC: [2] Cannot modify header information - headers already sent by (output started at D:\PHP100.COM1\SScms\install\Lang\common.php:1) View.class.php 第 120 行.
[ 2013-04-08T18:24:40+08:00 ] /SScms/install.php?a=setconf&m=index | NOTIC: [2] Cannot modify header information - headers already sent by (output started at D:\PHP100.COM1\SScms\install\Lang\common.php:1) View.class.php 第 121 行.
[ 2013-04-08T18:24:40+08:00 ] /SScms/install.php?a=setconf&m=index | NOTIC: [2] Cannot modify header information - headers already sent by (output started at D:\PHP100.COM1\SScms\install\Lang\common.php:1) View.class.php 第 122 行.
[ 2013-04-08T18:24:40+08:00 ] /SScms/install.php?a=setconf&m=index | INFO: Tag[ view_end ] --START--
[ 2013-04-08T18:24:40+08:00 ] /SScms/install.php?a=setconf&m=index | INFO: Run ShowPageTrace Behavior [ RunTime:0.000431s ]
[ 2013-04-08T18:24:40+08:00 ] /SScms/install.php?a=setconf&m=index | INFO: Tag[ view_end ] --END-- [ RunTime:0.000487s ]
[ 2013-04-08T18:24:48+08:00 ] /SScms/install.php?a=install&m=index | INFO: Tag[ app_begin ] --START--
[ 2013-04-08T18:24:48+08:00 ] /SScms/install.php?a=install&m=index | INFO: Run ReadHtmlCache Behavior [ RunTime:0.000254s ]
[ 2013-04-08T18:24:48+08:00 ] /SScms/install.php?a=install&m=index | INFO: Tag[ app_begin ] --END-- [ RunTime:0.000333s ]
[ 2013-04-08T18:24:48+08:00 ] /SScms/install.php?a=install&m=index | INFO: Tag[ view_template ] --START--
[ 2013-04-08T18:24:48+08:00 ] /SScms/install.php?a=install&m=index | INFO: Run LocationTemplate Behavior [ RunTime:0.000681s ]
[ 2013-04-08T18:24:48+08:00 ] /SScms/install.php?a=install&m=index | INFO: Tag[ view_template ] --END-- [ RunTime:0.000744s ]
[ 2013-04-08T18:24:48+08:00 ] /SScms/install.php?a=install&m=index | INFO: Tag[ view_parse ] --START--
[ 2013-04-08T18:24:48+08:00 ] /SScms/install.php?a=install&m=index | INFO: Run ParseTemplate Behavior [ RunTime:0.067925s ]
[ 2013-04-08T18:24:48+08:00 ] /SScms/install.php?a=install&m=index | INFO: Tag[ view_parse ] --END-- [ RunTime:0.068015s ]
[ 2013-04-08T18:24:48+08:00 ] /SScms/install.php?a=install&m=index | INFO: Tag[ view_filter ] --START--
[ 2013-04-08T18:24:48+08:00 ] /SScms/install.php?a=install&m=index | INFO: Run ContentReplace Behavior [ RunTime:0.000354s ]
[ 2013-04-08T18:24:48+08:00 ] /SScms/install.php?a=install&m=index | INFO: Run TokenBuild Behavior [ RunTime:0.000309s ]
[ 2013-04-08T18:24:48+08:00 ] /SScms/install.php?a=install&m=index | INFO: Run WriteHtmlCache Behavior [ RunTime:0.000195s ]
[ 2013-04-08T18:24:48+08:00 ] /SScms/install.php?a=install&m=index | INFO: Run ShowRuntime Behavior [ RunTime:0.000257s ]
[ 2013-04-08T18:24:48+08:00 ] /SScms/install.php?a=install&m=index | INFO: Tag[ view_filter ] --END-- [ RunTime:0.001268s ]
[ 2013-04-08T18:24:48+08:00 ] /SScms/install.php?a=install&m=index | NOTIC: [2] Cannot modify header information - headers already sent by (output started at D:\PHP100.COM1\SScms\install\Lang\common.php:1) View.class.php 第 120 行.
[ 2013-04-08T18:24:48+08:00 ] /SScms/install.php?a=install&m=index | NOTIC: [2] Cannot modify header information - headers already sent by (output started at D:\PHP100.COM1\SScms\install\Lang\common.php:1) View.class.php 第 121 行.
[ 2013-04-08T18:24:48+08:00 ] /SScms/install.php?a=install&m=index | NOTIC: [2] Cannot modify header information - headers already sent by (output started at D:\PHP100.COM1\SScms\install\Lang\common.php:1) View.class.php 第 122 行.
[ 2013-04-08T18:24:48+08:00 ] /SScms/install.php?a=install&m=index | INFO: Tag[ view_end ] --START--
[ 2013-04-08T18:24:48+08:00 ] /SScms/install.php?a=install&m=index | INFO: Run ShowPageTrace Behavior [ RunTime:0.000215s ]
[ 2013-04-08T18:24:48+08:00 ] /SScms/install.php?a=install&m=index | INFO: Tag[ view_end ] --END-- [ RunTime:0.000271s ]
[ 2013-04-08T18:24:48+08:00 ] /SScms/install.php?a=finish_done&m=index | INFO: Tag[ app_begin ] --START--
[ 2013-04-08T18:24:48+08:00 ] /SScms/install.php?a=finish_done&m=index | INFO: Run ReadHtmlCache Behavior [ RunTime:0.000711s ]
[ 2013-04-08T18:24:48+08:00 ] /SScms/install.php?a=finish_done&m=index | INFO: Tag[ app_begin ] --END-- [ RunTime:0.000924s ]
[ 2013-04-08T18:24:48+08:00 ] /SScms/install.php?a=finish_done&m=index | NOTIC: [2] Cannot modify header information - headers already sent by (output started at D:\PHP100.COM1\SScms\install\Lang\common.php:1) indexAction.class.php 第 177 行.
[ 2013-04-08T18:24:49+08:00 ] /SScms/install.php?a=finish_done&m=index | NOTIC: [8] ob_flush() [<a href='ref.outcontrol'>ref.outcontrol</a>]: failed to flush buffer. No buffer to flush. indexAction.class.php 第 249 行.
[ 2013-04-08T18:24:49+08:00 ] /SScms/install.php?a=finish_done&m=index | NOTIC: [8] ob_flush() [<a href='ref.outcontrol'>ref.outcontrol</a>]: failed to flush buffer. No buffer to flush. indexAction.class.php 第 249 行.
[ 2013-04-08T18:24:49+08:00 ] /SScms/install.php?a=finish_done&m=index | NOTIC: [8] ob_flush() [<a href='ref.outcontrol'>ref.outcontrol</a>]: failed to flush buffer. No buffer to flush. indexAction.class.php 第 249 行.
[ 2013-04-08T18:24:49+08:00 ] /SScms/install.php?a=finish_done&m=index | NOTIC: [8] ob_flush() [<a href='ref.outcontrol'>ref.outcontrol</a>]: failed to flush buffer. No buffer to flush. indexAction.class.php 第 249 行.
[ 2013-04-08T18:24:49+08:00 ] /SScms/install.php?a=finish_done&m=index | NOTIC: [8] ob_flush() [<a href='ref.outcontrol'>ref.outcontrol</a>]: failed to flush buffer. No buffer to flush. indexAction.class.php 第 249 行.
[ 2013-04-08T18:24:49+08:00 ] /SScms/install.php?a=finish_done&m=index | NOTIC: [8] ob_flush() [<a href='ref.outcontrol'>ref.outcontrol</a>]: failed to flush buffer. No buffer to flush. indexAction.class.php 第 249 行.
[ 2013-04-08T18:24:49+08:00 ] /SScms/install.php?a=finish_done&m=index | NOTIC: [8] ob_flush() [<a href='ref.outcontrol'>ref.outcontrol</a>]: failed to flush buffer. No buffer to flush. indexAction.class.php 第 249 行.
[ 2013-04-08T18:24:49+08:00 ] /SScms/install.php?a=finish_done&m=index | NOTIC: [8] ob_flush() [<a href='ref.outcontrol'>ref.outcontrol</a>]: failed to flush buffer. No buffer to flush. indexAction.class.php 第 249 行.
[ 2013-04-08T18:24:49+08:00 ] /SScms/install.php?a=finish_done&m=index | NOTIC: [8] ob_flush() [<a href='ref.outcontrol'>ref.outcontrol</a>]: failed to flush buffer. No buffer to flush. indexAction.class.php 第 249 行.
[ 2013-04-08T18:24:49+08:00 ] /SScms/install.php?a=finish_done&m=index | NOTIC: [8] ob_flush() [<a href='ref.outcontrol'>ref.outcontrol</a>]: failed to flush buffer. No buffer to flush. indexAction.class.php 第 249 行.
[ 2013-04-08T18:24:49+08:00 ] /SScms/install.php?a=finish_done&m=index | NOTIC: [8] ob_flush() [<a href='ref.outcontrol'>ref.outcontrol</a>]: failed to flush buffer. No buffer to flush. indexAction.class.php 第 249 行.
[ 2013-04-08T18:24:49+08:00 ] /SScms/install.php?a=finish_done&m=index | NOTIC: [8] ob_flush() [<a href='ref.outcontrol'>ref.outcontrol</a>]: failed to flush buffer. No buffer to flush. indexAction.class.php 第 249 行.
[ 2013-04-08T18:24:49+08:00 ] /SScms/install.php?a=finish_done&m=index | NOTIC: [8] ob_flush() [<a href='ref.outcontrol'>ref.outcontrol</a>]: failed to flush buffer. No buffer to flush. indexAction.class.php 第 249 行.
[ 2013-04-08T18:24:50+08:00 ] /SScms/install.php?a=finish&m=index | INFO: Tag[ app_begin ] --START--
[ 2013-04-08T18:24:50+08:00 ] /SScms/install.php?a=finish&m=index | INFO: Run ReadHtmlCache Behavior [ RunTime:0.000260s ]
[ 2013-04-08T18:24:50+08:00 ] /SScms/install.php?a=finish&m=index | INFO: Tag[ app_begin ] --END-- [ RunTime:0.000339s ]
[ 2013-04-08T18:24:50+08:00 ] /SScms/install.php?a=finish&m=index | INFO: Tag[ view_template ] --START--
[ 2013-04-08T18:24:50+08:00 ] /SScms/install.php?a=finish&m=index | INFO: Run LocationTemplate Behavior [ RunTime:0.001673s ]
[ 2013-04-08T18:24:50+08:00 ] /SScms/install.php?a=finish&m=index | INFO: Tag[ view_template ] --END-- [ RunTime:0.001757s ]
[ 2013-04-08T18:24:50+08:00 ] /SScms/install.php?a=finish&m=index | INFO: Tag[ view_parse ] --START--
[ 2013-04-08T18:24:50+08:00 ] /SScms/install.php?a=finish&m=index | INFO: Run ParseTemplate Behavior [ RunTime:0.045404s ]
[ 2013-04-08T18:24:50+08:00 ] /SScms/install.php?a=finish&m=index | INFO: Tag[ view_parse ] --END-- [ RunTime:0.045501s ]
[ 2013-04-08T18:24:50+08:00 ] /SScms/install.php?a=finish&m=index | INFO: Tag[ view_filter ] --START--
[ 2013-04-08T18:24:50+08:00 ] /SScms/install.php?a=finish&m=index | INFO: Run ContentReplace Behavior [ RunTime:0.000975s ]
[ 2013-04-08T18:24:50+08:00 ] /SScms/install.php?a=finish&m=index | INFO: Run TokenBuild Behavior [ RunTime:0.000564s ]
[ 2013-04-08T18:24:50+08:00 ] /SScms/install.php?a=finish&m=index | INFO: Run WriteHtmlCache Behavior [ RunTime:0.000223s ]
[ 2013-04-08T18:24:50+08:00 ] /SScms/install.php?a=finish&m=index | INFO: Run ShowRuntime Behavior [ RunTime:0.000276s ]
[ 2013-04-08T18:24:50+08:00 ] /SScms/install.php?a=finish&m=index | INFO: Tag[ view_filter ] --END-- [ RunTime:0.002212s ]
[ 2013-04-08T18:24:50+08:00 ] /SScms/install.php?a=finish&m=index | NOTIC: [2] Cannot modify header information - headers already sent by (output started at D:\PHP100.COM1\SScms\install\Lang\common.php:1) View.class.php 第 120 行.
[ 2013-04-08T18:24:50+08:00 ] /SScms/install.php?a=finish&m=index | NOTIC: [2] Cannot modify header information - headers already sent by (output started at D:\PHP100.COM1\SScms\install\Lang\common.php:1) View.class.php 第 121 行.
[ 2013-04-08T18:24:50+08:00 ] /SScms/install.php?a=finish&m=index | NOTIC: [2] Cannot modify header information - headers already sent by (output started at D:\PHP100.COM1\SScms\install\Lang\common.php:1) View.class.php 第 122 行.
[ 2013-04-08T18:24:50+08:00 ] /SScms/install.php?a=finish&m=index | INFO: Tag[ view_end ] --START--
[ 2013-04-08T18:24:50+08:00 ] /SScms/install.php?a=finish&m=index | INFO: Run ShowPageTrace Behavior [ RunTime:0.000442s ]
[ 2013-04-08T18:24:50+08:00 ] /SScms/install.php?a=finish&m=index | INFO: Tag[ view_end ] --END-- [ RunTime:0.000498s ]
