[ 2013-08-29T11:24:12+08:00 ] 127.0.0.1 /mtceo/install.php
INFO: [ app_begin ] --START--
INFO: Run ReadHtmlCache Behavior [ RunTime:0.001120s ]
INFO: [ app_begin ] --END-- [ RunTime:0.001284s ]
INFO: [ view_template ] --START--
INFO: Run LocationTemplate Behavior [ RunTime:0.046026s ]
INFO: [ view_template ] --END-- [ RunTime:0.046213s ]
INFO: [ view_parse ] --START--
INFO: Run ParseTemplate Behavior [ RunTime:0.132506s ]
INFO: [ view_parse ] --END-- [ RunTime:0.132680s ]
INFO: [ view_filter ] --START--
INFO: Run ContentReplace Behavior [ RunTime:0.001333s ]
INFO: Run TokenBuild Behavior [ RunTime:0.001164s ]
INFO: Run WriteHtmlCache Behavior [ RunTime:0.000973s ]
INFO: Run ShowRuntime Behavior [ RunTime:0.001160s ]
INFO: [ view_filter ] --END-- [ RunTime:0.005013s ]
NOTIC: [2] Cannot modify header information - headers already sent by (output started at D:\phpweb\mtceo\install\Lang\common.php:1) D:\phpweb\mtceo\mtceo\Lib\Core\View.class.php 第 88 行.
NOTIC: [2] Cannot modify header information - headers already sent by (output started at D:\phpweb\mtceo\install\Lang\common.php:1) D:\phpweb\mtceo\mtceo\Lib\Core\View.class.php 第 89 行.
NOTIC: [2] Cannot modify header information - headers already sent by (output started at D:\phpweb\mtceo\install\Lang\common.php:1) D:\phpweb\mtceo\mtceo\Lib\Core\View.class.php 第 90 行.
INFO: [ view_end ] --START--
INFO: Run ShowPageTrace Behavior [ RunTime:0.001102s ]
INFO: [ view_end ] --END-- [ RunTime:0.001235s ]

[ 2013-08-29T11:24:18+08:00 ] 127.0.0.1 /mtceo/install.php?m=index&a=setconf
INFO: [ app_begin ] --START--
INFO: Run ReadHtmlCache Behavior [ RunTime:0.000532s ]
INFO: [ app_begin ] --END-- [ RunTime:0.000695s ]
INFO: [ view_template ] --START--
INFO: Run LocationTemplate Behavior [ RunTime:0.002585s ]
INFO: [ view_template ] --END-- [ RunTime:0.002744s ]
INFO: [ view_parse ] --START--
INFO: Run ParseTemplate Behavior [ RunTime:0.080132s ]
INFO: [ view_parse ] --END-- [ RunTime:0.080306s ]
INFO: [ view_filter ] --START--
INFO: Run ContentReplace Behavior [ RunTime:0.001303s ]
INFO: Run TokenBuild Behavior [ RunTime:0.001081s ]
INFO: Run WriteHtmlCache Behavior [ RunTime:0.000958s ]
INFO: Run ShowRuntime Behavior [ RunTime:0.001201s ]
INFO: [ view_filter ] --END-- [ RunTime:0.004947s ]
NOTIC: [2] Cannot modify header information - headers already sent by (output started at D:\phpweb\mtceo\install\Lang\common.php:1) D:\phpweb\mtceo\mtceo\Lib\Core\View.class.php 第 88 行.
NOTIC: [2] Cannot modify header information - headers already sent by (output started at D:\phpweb\mtceo\install\Lang\common.php:1) D:\phpweb\mtceo\mtceo\Lib\Core\View.class.php 第 89 行.
NOTIC: [2] Cannot modify header information - headers already sent by (output started at D:\phpweb\mtceo\install\Lang\common.php:1) D:\phpweb\mtceo\mtceo\Lib\Core\View.class.php 第 90 行.
INFO: [ view_end ] --START--
INFO: Run ShowPageTrace Behavior [ RunTime:0.001190s ]
INFO: [ view_end ] --END-- [ RunTime:0.001331s ]

[ 2013-08-29T11:24:43+08:00 ] 127.0.0.1 /mtceo/install.php?m=index&a=install
INFO: [ app_begin ] --START--
INFO: Run ReadHtmlCache Behavior [ RunTime:0.000563s ]
INFO: [ app_begin ] --END-- [ RunTime:0.000738s ]
INFO: [ view_template ] --START--
INFO: Run LocationTemplate Behavior [ RunTime:0.001119s ]
INFO: [ view_template ] --END-- [ RunTime:0.001272s ]
INFO: [ view_parse ] --START--
INFO: Run ParseTemplate Behavior [ RunTime:0.072792s ]
INFO: [ view_parse ] --END-- [ RunTime:0.072967s ]
INFO: [ view_filter ] --START--
INFO: Run ContentReplace Behavior [ RunTime:0.000689s ]
INFO: Run TokenBuild Behavior [ RunTime:0.000477s ]
INFO: Run WriteHtmlCache Behavior [ RunTime:0.000360s ]
INFO: Run ShowRuntime Behavior [ RunTime:0.000548s ]
INFO: [ view_filter ] --END-- [ RunTime:0.002445s ]
NOTIC: [2] Cannot modify header information - headers already sent by (output started at D:\phpweb\mtceo\install\Lang\common.php:1) D:\phpweb\mtceo\mtceo\Lib\Core\View.class.php 第 88 行.
NOTIC: [2] Cannot modify header information - headers already sent by (output started at D:\phpweb\mtceo\install\Lang\common.php:1) D:\phpweb\mtceo\mtceo\Lib\Core\View.class.php 第 89 行.
NOTIC: [2] Cannot modify header information - headers already sent by (output started at D:\phpweb\mtceo\install\Lang\common.php:1) D:\phpweb\mtceo\mtceo\Lib\Core\View.class.php 第 90 行.
INFO: [ view_end ] --START--
INFO: Run ShowPageTrace Behavior [ RunTime:0.000482s ]
INFO: [ view_end ] --END-- [ RunTime:0.000612s ]

[ 2013-08-29T11:24:47+08:00 ] 127.0.0.1 /mtceo/install.php?m=index&a=finish_done
INFO: [ app_begin ] --START--
INFO: Run ReadHtmlCache Behavior [ RunTime:0.001038s ]
INFO: [ app_begin ] --END-- [ RunTime:0.001280s ]
NOTIC: [2] Cannot modify header information - headers already sent by (output started at D:\phpweb\mtceo\install\Lang\common.php:1) D:\phpweb\mtceo\install\Lib\Action\indexAction.class.php 第 175 行.
NOTIC: [8] ob_flush() [<a href='ref.outcontrol'>ref.outcontrol</a>]: failed to flush buffer. No buffer to flush. D:\phpweb\mtceo\install\Lib\Action\indexAction.class.php 第 250 行.
NOTIC: [8] ob_flush() [<a href='ref.outcontrol'>ref.outcontrol</a>]: failed to flush buffer. No buffer to flush. D:\phpweb\mtceo\install\Lib\Action\indexAction.class.php 第 250 行.
NOTIC: [8] ob_flush() [<a href='ref.outcontrol'>ref.outcontrol</a>]: failed to flush buffer. No buffer to flush. D:\phpweb\mtceo\install\Lib\Action\indexAction.class.php 第 250 行.
NOTIC: [8] ob_flush() [<a href='ref.outcontrol'>ref.outcontrol</a>]: failed to flush buffer. No buffer to flush. D:\phpweb\mtceo\install\Lib\Action\indexAction.class.php 第 250 行.
NOTIC: [8] ob_flush() [<a href='ref.outcontrol'>ref.outcontrol</a>]: failed to flush buffer. No buffer to flush. D:\phpweb\mtceo\install\Lib\Action\indexAction.class.php 第 250 行.
NOTIC: [8] ob_flush() [<a href='ref.outcontrol'>ref.outcontrol</a>]: failed to flush buffer. No buffer to flush. D:\phpweb\mtceo\install\Lib\Action\indexAction.class.php 第 250 行.
NOTIC: [8] ob_flush() [<a href='ref.outcontrol'>ref.outcontrol</a>]: failed to flush buffer. No buffer to flush. D:\phpweb\mtceo\install\Lib\Action\indexAction.class.php 第 250 行.
NOTIC: [8] ob_flush() [<a href='ref.outcontrol'>ref.outcontrol</a>]: failed to flush buffer. No buffer to flush. D:\phpweb\mtceo\install\Lib\Action\indexAction.class.php 第 250 行.
NOTIC: [8] ob_flush() [<a href='ref.outcontrol'>ref.outcontrol</a>]: failed to flush buffer. No buffer to flush. D:\phpweb\mtceo\install\Lib\Action\indexAction.class.php 第 250 行.
NOTIC: [8] ob_flush() [<a href='ref.outcontrol'>ref.outcontrol</a>]: failed to flush buffer. No buffer to flush. D:\phpweb\mtceo\install\Lib\Action\indexAction.class.php 第 250 行.
NOTIC: [8] ob_flush() [<a href='ref.outcontrol'>ref.outcontrol</a>]: failed to flush buffer. No buffer to flush. D:\phpweb\mtceo\install\Lib\Action\indexAction.class.php 第 250 行.
NOTIC: [8] ob_flush() [<a href='ref.outcontrol'>ref.outcontrol</a>]: failed to flush buffer. No buffer to flush. D:\phpweb\mtceo\install\Lib\Action\indexAction.class.php 第 250 行.
NOTIC: [8] ob_flush() [<a href='ref.outcontrol'>ref.outcontrol</a>]: failed to flush buffer. No buffer to flush. D:\phpweb\mtceo\install\Lib\Action\indexAction.class.php 第 250 行.
NOTIC: [8] ob_flush() [<a href='ref.outcontrol'>ref.outcontrol</a>]: failed to flush buffer. No buffer to flush. D:\phpweb\mtceo\install\Lib\Action\indexAction.class.php 第 250 行.
NOTIC: [8] ob_flush() [<a href='ref.outcontrol'>ref.outcontrol</a>]: failed to flush buffer. No buffer to flush. D:\phpweb\mtceo\install\Lib\Action\indexAction.class.php 第 250 行.
NOTIC: [8] ob_flush() [<a href='ref.outcontrol'>ref.outcontrol</a>]: failed to flush buffer. No buffer to flush. D:\phpweb\mtceo\install\Lib\Action\indexAction.class.php 第 250 行.
NOTIC: [8] ob_flush() [<a href='ref.outcontrol'>ref.outcontrol</a>]: failed to flush buffer. No buffer to flush. D:\phpweb\mtceo\install\Lib\Action\indexAction.class.php 第 250 行.
NOTIC: [8] ob_flush() [<a href='ref.outcontrol'>ref.outcontrol</a>]: failed to flush buffer. No buffer to flush. D:\phpweb\mtceo\install\Lib\Action\indexAction.class.php 第 250 行.
NOTIC: [8] ob_flush() [<a href='ref.outcontrol'>ref.outcontrol</a>]: failed to flush buffer. No buffer to flush. D:\phpweb\mtceo\install\Lib\Action\indexAction.class.php 第 250 行.
NOTIC: [8] ob_flush() [<a href='ref.outcontrol'>ref.outcontrol</a>]: failed to flush buffer. No buffer to flush. D:\phpweb\mtceo\install\Lib\Action\indexAction.class.php 第 250 行.
NOTIC: [8] ob_flush() [<a href='ref.outcontrol'>ref.outcontrol</a>]: failed to flush buffer. No buffer to flush. D:\phpweb\mtceo\install\Lib\Action\indexAction.class.php 第 250 行.
NOTIC: [8] ob_flush() [<a href='ref.outcontrol'>ref.outcontrol</a>]: failed to flush buffer. No buffer to flush. D:\phpweb\mtceo\install\Lib\Action\indexAction.class.php 第 250 行.
NOTIC: [8] ob_flush() [<a href='ref.outcontrol'>ref.outcontrol</a>]: failed to flush buffer. No buffer to flush. D:\phpweb\mtceo\install\Lib\Action\indexAction.class.php 第 250 行.
NOTIC: [8] ob_flush() [<a href='ref.outcontrol'>ref.outcontrol</a>]: failed to flush buffer. No buffer to flush. D:\phpweb\mtceo\install\Lib\Action\indexAction.class.php 第 250 行.
NOTIC: [8] ob_flush() [<a href='ref.outcontrol'>ref.outcontrol</a>]: failed to flush buffer. No buffer to flush. D:\phpweb\mtceo\install\Lib\Action\indexAction.class.php 第 250 行.
NOTIC: [8] ob_flush() [<a href='ref.outcontrol'>ref.outcontrol</a>]: failed to flush buffer. No buffer to flush. D:\phpweb\mtceo\install\Lib\Action\indexAction.class.php 第 250 行.
NOTIC: [8] ob_flush() [<a href='ref.outcontrol'>ref.outcontrol</a>]: failed to flush buffer. No buffer to flush. D:\phpweb\mtceo\install\Lib\Action\indexAction.class.php 第 250 行.
NOTIC: [8] ob_flush() [<a href='ref.outcontrol'>ref.outcontrol</a>]: failed to flush buffer. No buffer to flush. D:\phpweb\mtceo\install\Lib\Action\indexAction.class.php 第 250 行.
NOTIC: [8] ob_flush() [<a href='ref.outcontrol'>ref.outcontrol</a>]: failed to flush buffer. No buffer to flush. D:\phpweb\mtceo\install\Lib\Action\indexAction.class.php 第 250 行.
NOTIC: [8] ob_flush() [<a href='ref.outcontrol'>ref.outcontrol</a>]: failed to flush buffer. No buffer to flush. D:\phpweb\mtceo\install\Lib\Action\indexAction.class.php 第 250 行.
NOTIC: [8] ob_flush() [<a href='ref.outcontrol'>ref.outcontrol</a>]: failed to flush buffer. No buffer to flush. D:\phpweb\mtceo\install\Lib\Action\indexAction.class.php 第 250 行.
NOTIC: [8] ob_flush() [<a href='ref.outcontrol'>ref.outcontrol</a>]: failed to flush buffer. No buffer to flush. D:\phpweb\mtceo\install\Lib\Action\indexAction.class.php 第 250 行.
NOTIC: [8] ob_flush() [<a href='ref.outcontrol'>ref.outcontrol</a>]: failed to flush buffer. No buffer to flush. D:\phpweb\mtceo\install\Lib\Action\indexAction.class.php 第 250 行.
NOTIC: [8] ob_flush() [<a href='ref.outcontrol'>ref.outcontrol</a>]: failed to flush buffer. No buffer to flush. D:\phpweb\mtceo\install\Lib\Action\indexAction.class.php 第 250 行.
NOTIC: [8] ob_flush() [<a href='ref.outcontrol'>ref.outcontrol</a>]: failed to flush buffer. No buffer to flush. D:\phpweb\mtceo\install\Lib\Action\indexAction.class.php 第 250 行.
NOTIC: [8] ob_flush() [<a href='ref.outcontrol'>ref.outcontrol</a>]: failed to flush buffer. No buffer to flush. D:\phpweb\mtceo\install\Lib\Action\indexAction.class.php 第 250 行.
NOTIC: [8] ob_flush() [<a href='ref.outcontrol'>ref.outcontrol</a>]: failed to flush buffer. No buffer to flush. D:\phpweb\mtceo\install\Lib\Action\indexAction.class.php 第 250 行.
NOTIC: [8] ob_flush() [<a href='ref.outcontrol'>ref.outcontrol</a>]: failed to flush buffer. No buffer to flush. D:\phpweb\mtceo\install\Lib\Action\indexAction.class.php 第 250 行.
NOTIC: [8] ob_flush() [<a href='ref.outcontrol'>ref.outcontrol</a>]: failed to flush buffer. No buffer to flush. D:\phpweb\mtceo\install\Lib\Action\indexAction.class.php 第 250 行.
NOTIC: [8] ob_flush() [<a href='ref.outcontrol'>ref.outcontrol</a>]: failed to flush buffer. No buffer to flush. D:\phpweb\mtceo\install\Lib\Action\indexAction.class.php 第 250 行.
NOTIC: [8] ob_flush() [<a href='ref.outcontrol'>ref.outcontrol</a>]: failed to flush buffer. No buffer to flush. D:\phpweb\mtceo\install\Lib\Action\indexAction.class.php 第 250 行.
NOTIC: [8] ob_flush() [<a href='ref.outcontrol'>ref.outcontrol</a>]: failed to flush buffer. No buffer to flush. D:\phpweb\mtceo\install\Lib\Action\indexAction.class.php 第 250 行.

[ 2013-08-29T11:24:52+08:00 ] 127.0.0.1 /mtceo/install.php?m=index&a=finish
INFO: [ app_begin ] --START--
INFO: Run ReadHtmlCache Behavior [ RunTime:0.001334s ]
INFO: [ app_begin ] --END-- [ RunTime:0.002441s ]
INFO: [ view_template ] --START--
INFO: Run LocationTemplate Behavior [ RunTime:0.005414s ]
INFO: [ view_template ] --END-- [ RunTime:0.005717s ]
INFO: [ view_parse ] --START--
INFO: Run ParseTemplate Behavior [ RunTime:0.105422s ]
INFO: [ view_parse ] --END-- [ RunTime:0.105742s ]
INFO: [ view_filter ] --START--
INFO: Run ContentReplace Behavior [ RunTime:0.001113s ]
INFO: Run TokenBuild Behavior [ RunTime:0.001009s ]
INFO: Run WriteHtmlCache Behavior [ RunTime:0.000711s ]
INFO: Run ShowRuntime Behavior [ RunTime:0.001094s ]
INFO: [ view_filter ] --END-- [ RunTime:0.004645s ]
NOTIC: [2] Cannot modify header information - headers already sent by (output started at D:\phpweb\mtceo\install\Lang\common.php:1) D:\phpweb\mtceo\mtceo\Lib\Core\View.class.php 第 88 行.
NOTIC: [2] Cannot modify header information - headers already sent by (output started at D:\phpweb\mtceo\install\Lang\common.php:1) D:\phpweb\mtceo\mtceo\Lib\Core\View.class.php 第 89 行.
NOTIC: [2] Cannot modify header information - headers already sent by (output started at D:\phpweb\mtceo\install\Lang\common.php:1) D:\phpweb\mtceo\mtceo\Lib\Core\View.class.php 第 90 行.
INFO: [ view_end ] --START--
INFO: Run ShowPageTrace Behavior [ RunTime:0.001017s ]
INFO: [ view_end ] --END-- [ RunTime:0.001280s ]

