[ 2013-09-18T10:54:06+08:00 ] 127.0.0.1 /mtceo/install.php
INFO: [ app_begin ] --START--
INFO: Run ReadHtmlCache Behavior [ RunTime:0.110282s ]
INFO: [ app_begin ] --END-- [ RunTime:0.187774s ]
INFO: [ view_template ] --START--
INFO: Run LocationTemplate Behavior [ RunTime:0.017491s ]
INFO: [ view_template ] --END-- [ RunTime:0.017650s ]
INFO: [ view_parse ] --START--
INFO: Run ParseTemplate Behavior [ RunTime:0.270643s ]
INFO: [ view_parse ] --END-- [ RunTime:0.270789s ]
INFO: [ view_filter ] --START--
INFO: Run ContentReplace Behavior [ RunTime:0.046165s ]
INFO: Run TokenBuild Behavior [ RunTime:0.026129s ]
INFO: Run WriteHtmlCache Behavior [ RunTime:0.006169s ]
INFO: Run ShowRuntime Behavior [ RunTime:0.002287s ]
INFO: [ view_filter ] --END-- [ RunTime:0.081061s ]
NOTIC: [2] Cannot modify header information - headers already sent by (output started at D:\APMServ\www\htdocs\mtceo\install\Lang\common.php:1) D:\APMServ\www\htdocs\mtceo\mtceo\Lib\Core\View.class.php 第 88 行.
NOTIC: [2] Cannot modify header information - headers already sent by (output started at D:\APMServ\www\htdocs\mtceo\install\Lang\common.php:1) D:\APMServ\www\htdocs\mtceo\mtceo\Lib\Core\View.class.php 第 89 行.
NOTIC: [2] Cannot modify header information - headers already sent by (output started at D:\APMServ\www\htdocs\mtceo\install\Lang\common.php:1) D:\APMServ\www\htdocs\mtceo\mtceo\Lib\Core\View.class.php 第 90 行.
INFO: [ view_end ] --START--
INFO: Run ShowPageTrace Behavior [ RunTime:0.002320s ]
INFO: [ view_end ] --END-- [ RunTime:0.002411s ]

[ 2013-09-18T10:54:09+08:00 ] 127.0.0.1 /mtceo/install.php?m=index&a=setconf
INFO: [ app_begin ] --START--
INFO: Run ReadHtmlCache Behavior [ RunTime:0.000412s ]
INFO: [ app_begin ] --END-- [ RunTime:0.000530s ]
INFO: [ view_template ] --START--
INFO: Run LocationTemplate Behavior [ RunTime:0.003274s ]
INFO: [ view_template ] --END-- [ RunTime:0.003404s ]
INFO: [ view_parse ] --START--
INFO: Run ParseTemplate Behavior [ RunTime:0.060403s ]
INFO: [ view_parse ] --END-- [ RunTime:0.060558s ]
INFO: [ view_filter ] --START--
INFO: Run ContentReplace Behavior [ RunTime:0.001543s ]
INFO: Run TokenBuild Behavior [ RunTime:0.001352s ]
INFO: Run WriteHtmlCache Behavior [ RunTime:0.001411s ]
INFO: Run ShowRuntime Behavior [ RunTime:0.001386s ]
INFO: [ view_filter ] --END-- [ RunTime:0.005945s ]
NOTIC: [2] Cannot modify header information - headers already sent by (output started at D:\APMServ\www\htdocs\mtceo\install\Lang\common.php:1) D:\APMServ\www\htdocs\mtceo\mtceo\Lib\Core\View.class.php 第 88 行.
NOTIC: [2] Cannot modify header information - headers already sent by (output started at D:\APMServ\www\htdocs\mtceo\install\Lang\common.php:1) D:\APMServ\www\htdocs\mtceo\mtceo\Lib\Core\View.class.php 第 89 行.
NOTIC: [2] Cannot modify header information - headers already sent by (output started at D:\APMServ\www\htdocs\mtceo\install\Lang\common.php:1) D:\APMServ\www\htdocs\mtceo\mtceo\Lib\Core\View.class.php 第 90 行.
INFO: [ view_end ] --START--
INFO: Run ShowPageTrace Behavior [ RunTime:0.001350s ]
INFO: [ view_end ] --END-- [ RunTime:0.001439s ]

[ 2013-09-18T10:54:29+08:00 ] 127.0.0.1 /mtceo/install.php?m=index&a=install
INFO: [ app_begin ] --START--
INFO: Run ReadHtmlCache Behavior [ RunTime:0.000559s ]
INFO: [ app_begin ] --END-- [ RunTime:0.000690s ]
INFO: [ view_template ] --START--
INFO: Run LocationTemplate Behavior [ RunTime:0.001407s ]
INFO: [ view_template ] --END-- [ RunTime:0.001520s ]
INFO: [ view_parse ] --START--
INFO: Run ParseTemplate Behavior [ RunTime:0.014032s ]
INFO: [ view_parse ] --END-- [ RunTime:0.014253s ]
INFO: [ view_filter ] --START--
INFO: Run ContentReplace Behavior [ RunTime:0.000539s ]
INFO: Run TokenBuild Behavior [ RunTime:0.000428s ]
INFO: Run WriteHtmlCache Behavior [ RunTime:0.000328s ]
INFO: Run ShowRuntime Behavior [ RunTime:0.000434s ]
INFO: [ view_filter ] --END-- [ RunTime:0.001983s ]
NOTIC: [2] Cannot modify header information - headers already sent by (output started at D:\APMServ\www\htdocs\mtceo\install\Lang\common.php:1) D:\APMServ\www\htdocs\mtceo\mtceo\Lib\Core\View.class.php 第 88 行.
NOTIC: [2] Cannot modify header information - headers already sent by (output started at D:\APMServ\www\htdocs\mtceo\install\Lang\common.php:1) D:\APMServ\www\htdocs\mtceo\mtceo\Lib\Core\View.class.php 第 89 行.
NOTIC: [2] Cannot modify header information - headers already sent by (output started at D:\APMServ\www\htdocs\mtceo\install\Lang\common.php:1) D:\APMServ\www\htdocs\mtceo\mtceo\Lib\Core\View.class.php 第 90 行.
INFO: [ view_end ] --START--
INFO: Run ShowPageTrace Behavior [ RunTime:0.000387s ]
INFO: [ view_end ] --END-- [ RunTime:0.000475s ]

[ 2013-09-18T10:54:30+08:00 ] 127.0.0.1 /mtceo/install.php?m=index&a=finish_done
INFO: [ app_begin ] --START--
INFO: Run ReadHtmlCache Behavior [ RunTime:0.000408s ]
INFO: [ app_begin ] --END-- [ RunTime:0.000535s ]
NOTIC: [2] Cannot modify header information - headers already sent by (output started at D:\APMServ\www\htdocs\mtceo\install\Lang\common.php:1) D:\APMServ\www\htdocs\mtceo\install\Lib\Action\indexAction.class.php 第 175 行.
NOTIC: [8] ob_flush() [<a href='ref.outcontrol'>ref.outcontrol</a>]: failed to flush buffer. No buffer to flush. D:\APMServ\www\htdocs\mtceo\install\Lib\Action\indexAction.class.php 第 250 行.
NOTIC: [8] ob_flush() [<a href='ref.outcontrol'>ref.outcontrol</a>]: failed to flush buffer. No buffer to flush. D:\APMServ\www\htdocs\mtceo\install\Lib\Action\indexAction.class.php 第 250 行.
NOTIC: [8] ob_flush() [<a href='ref.outcontrol'>ref.outcontrol</a>]: failed to flush buffer. No buffer to flush. D:\APMServ\www\htdocs\mtceo\install\Lib\Action\indexAction.class.php 第 250 行.
NOTIC: [8] ob_flush() [<a href='ref.outcontrol'>ref.outcontrol</a>]: failed to flush buffer. No buffer to flush. D:\APMServ\www\htdocs\mtceo\install\Lib\Action\indexAction.class.php 第 250 行.
NOTIC: [8] ob_flush() [<a href='ref.outcontrol'>ref.outcontrol</a>]: failed to flush buffer. No buffer to flush. D:\APMServ\www\htdocs\mtceo\install\Lib\Action\indexAction.class.php 第 250 行.
NOTIC: [8] ob_flush() [<a href='ref.outcontrol'>ref.outcontrol</a>]: failed to flush buffer. No buffer to flush. D:\APMServ\www\htdocs\mtceo\install\Lib\Action\indexAction.class.php 第 250 行.
NOTIC: [8] ob_flush() [<a href='ref.outcontrol'>ref.outcontrol</a>]: failed to flush buffer. No buffer to flush. D:\APMServ\www\htdocs\mtceo\install\Lib\Action\indexAction.class.php 第 250 行.
NOTIC: [8] ob_flush() [<a href='ref.outcontrol'>ref.outcontrol</a>]: failed to flush buffer. No buffer to flush. D:\APMServ\www\htdocs\mtceo\install\Lib\Action\indexAction.class.php 第 250 行.
NOTIC: [8] ob_flush() [<a href='ref.outcontrol'>ref.outcontrol</a>]: failed to flush buffer. No buffer to flush. D:\APMServ\www\htdocs\mtceo\install\Lib\Action\indexAction.class.php 第 250 行.
NOTIC: [8] ob_flush() [<a href='ref.outcontrol'>ref.outcontrol</a>]: failed to flush buffer. No buffer to flush. D:\APMServ\www\htdocs\mtceo\install\Lib\Action\indexAction.class.php 第 250 行.
NOTIC: [8] ob_flush() [<a href='ref.outcontrol'>ref.outcontrol</a>]: failed to flush buffer. No buffer to flush. D:\APMServ\www\htdocs\mtceo\install\Lib\Action\indexAction.class.php 第 250 行.
NOTIC: [8] ob_flush() [<a href='ref.outcontrol'>ref.outcontrol</a>]: failed to flush buffer. No buffer to flush. D:\APMServ\www\htdocs\mtceo\install\Lib\Action\indexAction.class.php 第 250 行.
NOTIC: [8] ob_flush() [<a href='ref.outcontrol'>ref.outcontrol</a>]: failed to flush buffer. No buffer to flush. D:\APMServ\www\htdocs\mtceo\install\Lib\Action\indexAction.class.php 第 250 行.
NOTIC: [8] ob_flush() [<a href='ref.outcontrol'>ref.outcontrol</a>]: failed to flush buffer. No buffer to flush. D:\APMServ\www\htdocs\mtceo\install\Lib\Action\indexAction.class.php 第 250 行.
NOTIC: [8] ob_flush() [<a href='ref.outcontrol'>ref.outcontrol</a>]: failed to flush buffer. No buffer to flush. D:\APMServ\www\htdocs\mtceo\install\Lib\Action\indexAction.class.php 第 250 行.
NOTIC: [8] ob_flush() [<a href='ref.outcontrol'>ref.outcontrol</a>]: failed to flush buffer. No buffer to flush. D:\APMServ\www\htdocs\mtceo\install\Lib\Action\indexAction.class.php 第 250 行.
NOTIC: [8] ob_flush() [<a href='ref.outcontrol'>ref.outcontrol</a>]: failed to flush buffer. No buffer to flush. D:\APMServ\www\htdocs\mtceo\install\Lib\Action\indexAction.class.php 第 250 行.
NOTIC: [8] ob_flush() [<a href='ref.outcontrol'>ref.outcontrol</a>]: failed to flush buffer. No buffer to flush. D:\APMServ\www\htdocs\mtceo\install\Lib\Action\indexAction.class.php 第 250 行.
NOTIC: [8] ob_flush() [<a href='ref.outcontrol'>ref.outcontrol</a>]: failed to flush buffer. No buffer to flush. D:\APMServ\www\htdocs\mtceo\install\Lib\Action\indexAction.class.php 第 250 行.
NOTIC: [8] ob_flush() [<a href='ref.outcontrol'>ref.outcontrol</a>]: failed to flush buffer. No buffer to flush. D:\APMServ\www\htdocs\mtceo\install\Lib\Action\indexAction.class.php 第 250 行.
NOTIC: [8] ob_flush() [<a href='ref.outcontrol'>ref.outcontrol</a>]: failed to flush buffer. No buffer to flush. D:\APMServ\www\htdocs\mtceo\install\Lib\Action\indexAction.class.php 第 250 行.
NOTIC: [8] ob_flush() [<a href='ref.outcontrol'>ref.outcontrol</a>]: failed to flush buffer. No buffer to flush. D:\APMServ\www\htdocs\mtceo\install\Lib\Action\indexAction.class.php 第 250 行.
NOTIC: [8] ob_flush() [<a href='ref.outcontrol'>ref.outcontrol</a>]: failed to flush buffer. No buffer to flush. D:\APMServ\www\htdocs\mtceo\install\Lib\Action\indexAction.class.php 第 250 行.
NOTIC: [8] ob_flush() [<a href='ref.outcontrol'>ref.outcontrol</a>]: failed to flush buffer. No buffer to flush. D:\APMServ\www\htdocs\mtceo\install\Lib\Action\indexAction.class.php 第 250 行.
NOTIC: [8] ob_flush() [<a href='ref.outcontrol'>ref.outcontrol</a>]: failed to flush buffer. No buffer to flush. D:\APMServ\www\htdocs\mtceo\install\Lib\Action\indexAction.class.php 第 250 行.
NOTIC: [8] ob_flush() [<a href='ref.outcontrol'>ref.outcontrol</a>]: failed to flush buffer. No buffer to flush. D:\APMServ\www\htdocs\mtceo\install\Lib\Action\indexAction.class.php 第 250 行.
NOTIC: [8] ob_flush() [<a href='ref.outcontrol'>ref.outcontrol</a>]: failed to flush buffer. No buffer to flush. D:\APMServ\www\htdocs\mtceo\install\Lib\Action\indexAction.class.php 第 250 行.
NOTIC: [8] ob_flush() [<a href='ref.outcontrol'>ref.outcontrol</a>]: failed to flush buffer. No buffer to flush. D:\APMServ\www\htdocs\mtceo\install\Lib\Action\indexAction.class.php 第 250 行.
NOTIC: [8] ob_flush() [<a href='ref.outcontrol'>ref.outcontrol</a>]: failed to flush buffer. No buffer to flush. D:\APMServ\www\htdocs\mtceo\install\Lib\Action\indexAction.class.php 第 250 行.
NOTIC: [8] ob_flush() [<a href='ref.outcontrol'>ref.outcontrol</a>]: failed to flush buffer. No buffer to flush. D:\APMServ\www\htdocs\mtceo\install\Lib\Action\indexAction.class.php 第 250 行.
NOTIC: [8] ob_flush() [<a href='ref.outcontrol'>ref.outcontrol</a>]: failed to flush buffer. No buffer to flush. D:\APMServ\www\htdocs\mtceo\install\Lib\Action\indexAction.class.php 第 250 行.
NOTIC: [8] ob_flush() [<a href='ref.outcontrol'>ref.outcontrol</a>]: failed to flush buffer. No buffer to flush. D:\APMServ\www\htdocs\mtceo\install\Lib\Action\indexAction.class.php 第 250 行.
NOTIC: [8] ob_flush() [<a href='ref.outcontrol'>ref.outcontrol</a>]: failed to flush buffer. No buffer to flush. D:\APMServ\www\htdocs\mtceo\install\Lib\Action\indexAction.class.php 第 250 行.
NOTIC: [8] ob_flush() [<a href='ref.outcontrol'>ref.outcontrol</a>]: failed to flush buffer. No buffer to flush. D:\APMServ\www\htdocs\mtceo\install\Lib\Action\indexAction.class.php 第 250 行.
NOTIC: [8] ob_flush() [<a href='ref.outcontrol'>ref.outcontrol</a>]: failed to flush buffer. No buffer to flush. D:\APMServ\www\htdocs\mtceo\install\Lib\Action\indexAction.class.php 第 250 行.
NOTIC: [8] ob_flush() [<a href='ref.outcontrol'>ref.outcontrol</a>]: failed to flush buffer. No buffer to flush. D:\APMServ\www\htdocs\mtceo\install\Lib\Action\indexAction.class.php 第 250 行.
NOTIC: [8] ob_flush() [<a href='ref.outcontrol'>ref.outcontrol</a>]: failed to flush buffer. No buffer to flush. D:\APMServ\www\htdocs\mtceo\install\Lib\Action\indexAction.class.php 第 250 行.
NOTIC: [8] ob_flush() [<a href='ref.outcontrol'>ref.outcontrol</a>]: failed to flush buffer. No buffer to flush. D:\APMServ\www\htdocs\mtceo\install\Lib\Action\indexAction.class.php 第 250 行.
NOTIC: [8] ob_flush() [<a href='ref.outcontrol'>ref.outcontrol</a>]: failed to flush buffer. No buffer to flush. D:\APMServ\www\htdocs\mtceo\install\Lib\Action\indexAction.class.php 第 250 行.
NOTIC: [8] ob_flush() [<a href='ref.outcontrol'>ref.outcontrol</a>]: failed to flush buffer. No buffer to flush. D:\APMServ\www\htdocs\mtceo\install\Lib\Action\indexAction.class.php 第 250 行.
NOTIC: [8] ob_flush() [<a href='ref.outcontrol'>ref.outcontrol</a>]: failed to flush buffer. No buffer to flush. D:\APMServ\www\htdocs\mtceo\install\Lib\Action\indexAction.class.php 第 250 行.
NOTIC: [8] ob_flush() [<a href='ref.outcontrol'>ref.outcontrol</a>]: failed to flush buffer. No buffer to flush. D:\APMServ\www\htdocs\mtceo\install\Lib\Action\indexAction.class.php 第 250 行.
NOTIC: [8] ob_flush() [<a href='ref.outcontrol'>ref.outcontrol</a>]: failed to flush buffer. No buffer to flush. D:\APMServ\www\htdocs\mtceo\install\Lib\Action\indexAction.class.php 第 250 行.

[ 2013-09-18T10:54:31+08:00 ] 127.0.0.1 /mtceo/install.php?m=index&a=finish
INFO: [ app_begin ] --START--
INFO: Run ReadHtmlCache Behavior [ RunTime:0.000544s ]
INFO: [ app_begin ] --END-- [ RunTime:0.000685s ]
INFO: [ view_template ] --START--
INFO: Run LocationTemplate Behavior [ RunTime:0.001552s ]
INFO: [ view_template ] --END-- [ RunTime:0.001757s ]
INFO: [ view_parse ] --START--
INFO: Run ParseTemplate Behavior [ RunTime:0.029962s ]
INFO: [ view_parse ] --END-- [ RunTime:0.030144s ]
INFO: [ view_filter ] --START--
INFO: Run ContentReplace Behavior [ RunTime:0.000580s ]
INFO: Run TokenBuild Behavior [ RunTime:0.000386s ]
INFO: Run WriteHtmlCache Behavior [ RunTime:0.000339s ]
INFO: Run ShowRuntime Behavior [ RunTime:0.000650s ]
INFO: [ view_filter ] --END-- [ RunTime:0.002212s ]
NOTIC: [2] Cannot modify header information - headers already sent by (output started at D:\APMServ\www\htdocs\mtceo\install\Lang\common.php:1) D:\APMServ\www\htdocs\mtceo\mtceo\Lib\Core\View.class.php 第 88 行.
NOTIC: [2] Cannot modify header information - headers already sent by (output started at D:\APMServ\www\htdocs\mtceo\install\Lang\common.php:1) D:\APMServ\www\htdocs\mtceo\mtceo\Lib\Core\View.class.php 第 89 行.
NOTIC: [2] Cannot modify header information - headers already sent by (output started at D:\APMServ\www\htdocs\mtceo\install\Lang\common.php:1) D:\APMServ\www\htdocs\mtceo\mtceo\Lib\Core\View.class.php 第 90 行.
INFO: [ view_end ] --START--
INFO: Run ShowPageTrace Behavior [ RunTime:0.000396s ]
INFO: [ view_end ] --END-- [ RunTime:0.000485s ]

